   1               		.file	"tty.c"
   2               	__SREG__ = 0x3f
   3               	__SP_H__ = 0x3e
   4               	__SP_L__ = 0x3d
   5               	__CCP__  = 0x34
   6               	__tmp_reg__ = 0
   7               	__zero_reg__ = 1
   8               		.text
   9               	.global	__vector_18
  11               	__vector_18:
  12 0000 1F92      		push __zero_reg__
  13 0002 0F92      		push r0
  14 0004 0FB6      		in r0,__SREG__
  15 0006 0F92      		push r0
  16 0008 1124      		clr __zero_reg__
  17 000a 2F93      		push r18
  18 000c 8F93      		push r24
  19 000e 9F93      		push r25
  20 0010 EF93      		push r30
  21 0012 FF93      		push r31
  22               	/* prologue: Signal */
  23               	/* frame size = 0 */
  24 0014 9091 C000 		lds r25,192
  25 0018 2091 C600 		lds r18,198
  26 001c E091 0000 		lds r30,UART_RxHead
  27 0020 EF5F      		subi r30,lo8(-(1))
  28 0022 EF71      		andi r30,lo8(31)
  29 0024 8091 0000 		lds r24,UART_RxTail
  30 0028 E817      		cp r30,r24
  31 002a 01F4      		brne .L2
  32 002c 82E0      		ldi r24,lo8(2)
  33 002e 00C0      		rjmp .L3
  34               	.L2:
  35 0030 892F      		mov r24,r25
  36 0032 8871      		andi r24,lo8(24)
  37 0034 E093 0000 		sts UART_RxHead,r30
  38 0038 F0E0      		ldi r31,lo8(0)
  39 003a E050      		subi r30,lo8(-(UART_RxBuf))
  40 003c F040      		sbci r31,hi8(-(UART_RxBuf))
  41 003e 2083      		st Z,r18
  42               	.L3:
  43 0040 8093 0000 		sts UART_LastRxError,r24
  44               	/* epilogue start */
  45 0044 FF91      		pop r31
  46 0046 EF91      		pop r30
  47 0048 9F91      		pop r25
  48 004a 8F91      		pop r24
  49 004c 2F91      		pop r18
  50 004e 0F90      		pop r0
  51 0050 0FBE      		out __SREG__,r0
  52 0052 0F90      		pop r0
  53 0054 1F90      		pop __zero_reg__
  54 0056 1895      		reti
  56               	.global	__vector_19
  58               	__vector_19:
  59 0058 1F92      		push __zero_reg__
  60 005a 0F92      		push r0
  61 005c 0FB6      		in r0,__SREG__
  62 005e 0F92      		push r0
  63 0060 1124      		clr __zero_reg__
  64 0062 8F93      		push r24
  65 0064 9F93      		push r25
  66 0066 EF93      		push r30
  67 0068 FF93      		push r31
  68               	/* prologue: Signal */
  69               	/* frame size = 0 */
  70 006a 9091 0000 		lds r25,UART_TxHead
  71 006e 8091 0000 		lds r24,UART_TxTail
  72 0072 9817      		cp r25,r24
  73 0074 01F0      		breq .L6
  74 0076 E091 0000 		lds r30,UART_TxTail
  75 007a EF5F      		subi r30,lo8(-(1))
  76 007c EF71      		andi r30,lo8(31)
  77 007e E093 0000 		sts UART_TxTail,r30
  78 0082 F0E0      		ldi r31,lo8(0)
  79 0084 E050      		subi r30,lo8(-(UART_TxBuf))
  80 0086 F040      		sbci r31,hi8(-(UART_TxBuf))
  81 0088 8081      		ld r24,Z
  82 008a 8093 C600 		sts 198,r24
  83 008e 00C0      		rjmp .L8
  84               	.L6:
  85 0090 8091 C100 		lds r24,193
  86 0094 8F7D      		andi r24,lo8(-33)
  87 0096 8093 C100 		sts 193,r24
  88               	.L8:
  89               	/* epilogue start */
  90 009a FF91      		pop r31
  91 009c EF91      		pop r30
  92 009e 9F91      		pop r25
  93 00a0 8F91      		pop r24
  94 00a2 0F90      		pop r0
  95 00a4 0FBE      		out __SREG__,r0
  96 00a6 0F90      		pop r0
  97 00a8 1F90      		pop __zero_reg__
  98 00aa 1895      		reti
 100               	.global	uart_init
 102               	uart_init:
 103               	/* prologue: function */
 104               	/* frame size = 0 */
 105 00ac 9C01      		movw r18,r24
 106 00ae 1092 0000 		sts UART_TxHead,__zero_reg__
 107 00b2 1092 0000 		sts UART_TxTail,__zero_reg__
 108 00b6 1092 0000 		sts UART_RxHead,__zero_reg__
 109 00ba 1092 0000 		sts UART_RxTail,__zero_reg__
 110 00be 97FF      		sbrs r25,7
 111 00c0 00C0      		rjmp .L10
 112 00c2 82E0      		ldi r24,lo8(2)
 113 00c4 8093 C000 		sts 192,r24
 114 00c8 3F77      		andi r19,hi8(32767)
 115               	.L10:
 116 00ca 3093 C500 		sts 197,r19
 117 00ce 2093 C400 		sts 196,r18
 118 00d2 88E9      		ldi r24,lo8(-104)
 119 00d4 8093 C100 		sts 193,r24
 120 00d8 86E0      		ldi r24,lo8(6)
 121 00da 8093 C200 		sts 194,r24
 122               	/* epilogue start */
 123 00de 0895      		ret
 125               	.global	uart_getc
 127               	uart_getc:
 128               	/* prologue: function */
 129               	/* frame size = 0 */
 130 00e0 9091 0000 		lds r25,UART_RxHead
 131 00e4 8091 0000 		lds r24,UART_RxTail
 132 00e8 9817      		cp r25,r24
 133 00ea 01F4      		brne .L13
 134 00ec 20E0      		ldi r18,lo8(256)
 135 00ee 31E0      		ldi r19,hi8(256)
 136 00f0 00C0      		rjmp .L14
 137               	.L13:
 138 00f2 E091 0000 		lds r30,UART_RxTail
 139 00f6 EF5F      		subi r30,lo8(-(1))
 140 00f8 EF71      		andi r30,lo8(31)
 141 00fa E093 0000 		sts UART_RxTail,r30
 142 00fe F0E0      		ldi r31,lo8(0)
 143 0100 E050      		subi r30,lo8(-(UART_RxBuf))
 144 0102 F040      		sbci r31,hi8(-(UART_RxBuf))
 145 0104 3081      		ld r19,Z
 146 0106 2091 0000 		lds r18,UART_LastRxError
 147 010a 922F      		mov r25,r18
 148 010c 80E0      		ldi r24,lo8(0)
 149 010e AC01      		movw r20,r24
 150 0110 430F      		add r20,r19
 151 0112 511D      		adc r21,__zero_reg__
 152 0114 9A01      		movw r18,r20
 153               	.L14:
 154 0116 C901      		movw r24,r18
 155               	/* epilogue start */
 156 0118 0895      		ret
 158               	.global	uart_putc
 160               	uart_putc:
 161               	/* prologue: function */
 162               	/* frame size = 0 */
 163 011a 282F      		mov r18,r24
 164 011c 9091 0000 		lds r25,UART_TxHead
 165 0120 9F5F      		subi r25,lo8(-(1))
 166 0122 9F71      		andi r25,lo8(31)
 167               	.L17:
 168 0124 8091 0000 		lds r24,UART_TxTail
 169 0128 9817      		cp r25,r24
 170 012a 01F0      		breq .L17
 171 012c E92F      		mov r30,r25
 172 012e F0E0      		ldi r31,lo8(0)
 173 0130 E050      		subi r30,lo8(-(UART_TxBuf))
 174 0132 F040      		sbci r31,hi8(-(UART_TxBuf))
 175 0134 2083      		st Z,r18
 176 0136 9093 0000 		sts UART_TxHead,r25
 177 013a 8091 C100 		lds r24,193
 178 013e 8062      		ori r24,lo8(32)
 179 0140 8093 C100 		sts 193,r24
 180               	/* epilogue start */
 181 0144 0895      		ret
 183               	.global	uart_puts
 185               	uart_puts:
 186 0146 CF93      		push r28
 187 0148 DF93      		push r29
 188               	/* prologue: function */
 189               	/* frame size = 0 */
 190 014a EC01      		movw r28,r24
 191 014c 00C0      		rjmp .L21
 192               	.L22:
 193 014e 2196      		adiw r28,1
 194 0150 0E94 0000 		call uart_putc
 195               	.L21:
 196 0154 8881      		ld r24,Y
 197 0156 8823      		tst r24
 198 0158 01F4      		brne .L22
 199               	/* epilogue start */
 200 015a DF91      		pop r29
 201 015c CF91      		pop r28
 202 015e 0895      		ret
 204               	.global	uart_puts_p
 206               	uart_puts_p:
 207 0160 CF93      		push r28
 208 0162 DF93      		push r29
 209               	/* prologue: function */
 210               	/* frame size = 0 */
 211 0164 EC01      		movw r28,r24
 212 0166 00C0      		rjmp .L25
 213               	.L26:
 214 0168 0E94 0000 		call uart_putc
 215               	.L25:
 216 016c FE01      		movw r30,r28
 217 016e 2196      		adiw r28,1
 218               	/* #APP */
 219               	 ;  464 "../avrlib/uart.c" 1
 220 0170 8491      		lpm r24, Z
 221               		
 222               	 ;  0 "" 2
 223               	/* #NOAPP */
 224 0172 8823      		tst r24
 225 0174 01F4      		brne .L26
 226               	/* epilogue start */
 227 0176 DF91      		pop r29
 228 0178 CF91      		pop r28
 229 017a 0895      		ret
 231               	.global	tty_init
 233               	tty_init:
 234               	/* prologue: function */
 235               	/* frame size = 0 */
 236 017c 81E8      		ldi r24,lo8(129)
 237 017e 90E0      		ldi r25,hi8(129)
 238 0180 0E94 0000 		call uart_init
 239 0184 80E0      		ldi r24,lo8(_stdout)
 240 0186 90E0      		ldi r25,hi8(_stdout)
 241 0188 9093 0000 		sts (__iob+2)+1,r25
 242 018c 8093 0000 		sts __iob+2,r24
 243 0190 8091 0000 		lds r24,tty_config
 244 0194 8460      		ori r24,lo8(4)
 245 0196 8093 0000 		sts tty_config,r24
 246               	/* epilogue start */
 247 019a 0895      		ret
 250               	_uart_putc:
 251               	/* prologue: function */
 252               	/* frame size = 0 */
 253 019c 0E94 0000 		call uart_putc
 254 01a0 80E0      		ldi r24,lo8(0)
 255 01a2 90E0      		ldi r25,hi8(0)
 256               	/* epilogue start */
 257 01a4 0895      		ret
 259               	.global	tty_ledRedOn
 261               	tty_ledRedOn:
 262               	/* prologue: function */
 263               	/* frame size = 0 */
 264 01a6 4498      		cbi 40-32,4
 265               	/* epilogue start */
 266 01a8 0895      		ret
 268               	.global	tty_ledRedOff
 270               	tty_ledRedOff:
 271               	/* prologue: function */
 272               	/* frame size = 0 */
 273 01aa 449A      		sbi 40-32,4
 274               	/* epilogue start */
 275 01ac 0895      		ret
 277               	.global	tty_ledGreenOn
 279               	tty_ledGreenOn:
 280               	/* prologue: function */
 281               	/* frame size = 0 */
 282 01ae 2998      		cbi 37-32,1
 283               	/* epilogue start */
 284 01b0 0895      		ret
 286               	.global	tty_ledGreenOff
 288               	tty_ledGreenOff:
 289               	/* prologue: function */
 290               	/* frame size = 0 */
 291 01b2 299A      		sbi 37-32,1
 292               	/* epilogue start */
 293 01b4 0895      		ret
 295               	.global	tty_ledYellowOn
 297               	tty_ledYellowOn:
 298               	/* prologue: function */
 299               	/* frame size = 0 */
 300 01b6 4598      		cbi 40-32,5
 301               	/* epilogue start */
 302 01b8 0895      		ret
 304               	.global	tty_ledYellowOff
 306               	tty_ledYellowOff:
 307               	/* prologue: function */
 308               	/* frame size = 0 */
 309 01ba 459A      		sbi 40-32,5
 310               	/* epilogue start */
 311 01bc 0895      		ret
 313               	.global	tty_setUSBReportData
 315               	tty_setUSBReportData:
 316               	/* prologue: function */
 317               	/* frame size = 0 */
 318 01be 8091 0000 		lds r24,tty_config
 319 01c2 8C7F      		andi r24,lo8(-4)
 320 01c4 8260      		ori r24,lo8(2)
 321 01c6 8093 0000 		sts tty_config,r24
 322               	/* epilogue start */
 323 01ca 0895      		ret
 325               	.global	tty_setUSBHidDeviceDescriptor
 327               	tty_setUSBHidDeviceDescriptor:
 328               	/* prologue: function */
 329               	/* frame size = 0 */
 330 01cc 8091 0000 		lds r24,tty_config
 331 01d0 8C7F      		andi r24,lo8(-4)
 332 01d2 8160      		ori r24,lo8(1)
 333 01d4 8093 0000 		sts tty_config,r24
 334               	/* epilogue start */
 335 01d8 0895      		ret
 337               		.data
 338               	.LC0:
 339 0000 2564 00   		.string	"%d"
 340               		.text
 341               	.global	tty_setEcho
 343               	tty_setEcho:
 344 01da DF93      		push r29
 345 01dc CF93      		push r28
 346 01de 00D0      		rcall .
 347 01e0 CDB7      		in r28,__SP_L__
 348 01e2 DEB7      		in r29,__SP_H__
 349               	/* prologue: function */
 350               	/* frame size = 2 */
 351 01e4 1A82      		std Y+2,__zero_reg__
 352 01e6 1982      		std Y+1,__zero_reg__
 353 01e8 00D0      		rcall .
 354 01ea 00D0      		rcall .
 355 01ec 00D0      		rcall .
 356 01ee EDB7      		in r30,__SP_L__
 357 01f0 FEB7      		in r31,__SP_H__
 358 01f2 3196      		adiw r30,1
 359 01f4 ADB7      		in r26,__SP_L__
 360 01f6 BEB7      		in r27,__SP_H__
 361 01f8 1296      		adiw r26,1+1
 362 01fa 9C93      		st X,r25
 363 01fc 8E93      		st -X,r24
 364 01fe 1197      		sbiw r26,1
 365 0200 80E0      		ldi r24,lo8(.LC0)
 366 0202 90E0      		ldi r25,hi8(.LC0)
 367 0204 9383      		std Z+3,r25
 368 0206 8283      		std Z+2,r24
 369 0208 CE01      		movw r24,r28
 370 020a 0196      		adiw r24,1
 371 020c 9583      		std Z+5,r25
 372 020e 8483      		std Z+4,r24
 373 0210 0E94 0000 		call sscanf
 374 0214 2DB7      		in r18,__SP_L__
 375 0216 3EB7      		in r19,__SP_H__
 376 0218 2A5F      		subi r18,lo8(-(6))
 377 021a 3F4F      		sbci r19,hi8(-(6))
 378 021c 2DBF      		out __SP_L__,r18
 379 021e 892B      		or r24,r25
 380 0220 01F0      		breq .L51
 381 0222 8981      		ldd r24,Y+1
 382 0224 9A81      		ldd r25,Y+2
 383 0226 2091 0000 		lds r18,tty_config
 384 022a 892B      		or r24,r25
 385 022c 01F0      		breq .L50
 386 022e 2460      		ori r18,lo8(4)
 387 0230 00C0      		rjmp .L52
 388               	.L50:
 389 0232 2B7F      		andi r18,lo8(-5)
 390               	.L52:
 391 0234 2093 0000 		sts tty_config,r18
 392               	.L51:
 393               	/* epilogue start */
 394 0238 2296      		adiw r28,2
 395 023a CDBF      		out __SP_L__,r28
 396 023c CF91      		pop r28
 397 023e DF91      		pop r29
 398 0240 0895      		ret
 400               	.global	tty_setUSBConfigDeviceID
 402               	tty_setUSBConfigDeviceID:
 403 0242 DF93      		push r29
 404 0244 CF93      		push r28
 405 0246 00D0      		rcall .
 406 0248 CDB7      		in r28,__SP_L__
 407 024a DEB7      		in r29,__SP_H__
 408               	/* prologue: function */
 409               	/* frame size = 2 */
 410 024c 1A82      		std Y+2,__zero_reg__
 411 024e 1982      		std Y+1,__zero_reg__
 412 0250 00D0      		rcall .
 413 0252 00D0      		rcall .
 414 0254 00D0      		rcall .
 415 0256 EDB7      		in r30,__SP_L__
 416 0258 FEB7      		in r31,__SP_H__
 417 025a 3196      		adiw r30,1
 418 025c ADB7      		in r26,__SP_L__
 419 025e BEB7      		in r27,__SP_H__
 420 0260 1296      		adiw r26,1+1
 421 0262 9C93      		st X,r25
 422 0264 8E93      		st -X,r24
 423 0266 1197      		sbiw r26,1
 424 0268 80E0      		ldi r24,lo8(__c.2357)
 425 026a 90E0      		ldi r25,hi8(__c.2357)
 426 026c 9383      		std Z+3,r25
 427 026e 8283      		std Z+2,r24
 428 0270 CE01      		movw r24,r28
 429 0272 0196      		adiw r24,1
 430 0274 9583      		std Z+5,r25
 431 0276 8483      		std Z+4,r24
 432 0278 0E94 0000 		call sscanf_P
 433 027c 2DB7      		in r18,__SP_L__
 434 027e 3EB7      		in r19,__SP_H__
 435 0280 2A5F      		subi r18,lo8(-(6))
 436 0282 3F4F      		sbci r19,hi8(-(6))
 437 0284 2DBF      		out __SP_L__,r18
 438 0286 892B      		or r24,r25
 439 0288 01F0      		breq .L55
 440 028a 8981      		ldd r24,Y+1
 441 028c 9A81      		ldd r25,Y+2
 442 028e 8093 0000 		sts usbDescriptorDevice+10,r24
 443 0292 9093 0000 		sts usbDescriptorDevice+11,r25
 444               	.L55:
 445               	/* epilogue start */
 446 0296 2296      		adiw r28,2
 447 0298 CDBF      		out __SP_L__,r28
 448 029a CF91      		pop r28
 449 029c DF91      		pop r29
 450 029e 0895      		ret
 452               	.global	tty_setUSBConfigVendorID
 454               	tty_setUSBConfigVendorID:
 455 02a0 DF93      		push r29
 456 02a2 CF93      		push r28
 457 02a4 00D0      		rcall .
 458 02a6 CDB7      		in r28,__SP_L__
 459 02a8 DEB7      		in r29,__SP_H__
 460               	/* prologue: function */
 461               	/* frame size = 2 */
 462 02aa 1A82      		std Y+2,__zero_reg__
 463 02ac 1982      		std Y+1,__zero_reg__
 464 02ae 00D0      		rcall .
 465 02b0 00D0      		rcall .
 466 02b2 00D0      		rcall .
 467 02b4 EDB7      		in r30,__SP_L__
 468 02b6 FEB7      		in r31,__SP_H__
 469 02b8 3196      		adiw r30,1
 470 02ba ADB7      		in r26,__SP_L__
 471 02bc BEB7      		in r27,__SP_H__
 472 02be 1296      		adiw r26,1+1
 473 02c0 9C93      		st X,r25
 474 02c2 8E93      		st -X,r24
 475 02c4 1197      		sbiw r26,1
 476 02c6 80E0      		ldi r24,lo8(__c.2346)
 477 02c8 90E0      		ldi r25,hi8(__c.2346)
 478 02ca 9383      		std Z+3,r25
 479 02cc 8283      		std Z+2,r24
 480 02ce CE01      		movw r24,r28
 481 02d0 0196      		adiw r24,1
 482 02d2 9583      		std Z+5,r25
 483 02d4 8483      		std Z+4,r24
 484 02d6 0E94 0000 		call sscanf_P
 485 02da 2DB7      		in r18,__SP_L__
 486 02dc 3EB7      		in r19,__SP_H__
 487 02de 2A5F      		subi r18,lo8(-(6))
 488 02e0 3F4F      		sbci r19,hi8(-(6))
 489 02e2 2DBF      		out __SP_L__,r18
 490 02e4 892B      		or r24,r25
 491 02e6 01F0      		breq .L58
 492 02e8 8981      		ldd r24,Y+1
 493 02ea 9A81      		ldd r25,Y+2
 494 02ec 8093 0000 		sts usbDescriptorDevice+8,r24
 495 02f0 9093 0000 		sts usbDescriptorDevice+9,r25
 496               	.L58:
 497               	/* epilogue start */
 498 02f4 2296      		adiw r28,2
 499 02f6 CDBF      		out __SP_L__,r28
 500 02f8 CF91      		pop r28
 501 02fa DF91      		pop r29
 502 02fc 0895      		ret
 504               	.global	tty_setSerialNumber
 506               	tty_setSerialNumber:
 507               	/* prologue: function */
 508               	/* frame size = 0 */
 509 02fe AC01      		movw r20,r24
 510 0300 FC01      		movw r30,r24
 511 0302 0190      		ld __tmp_reg__,Z+
 512 0304 0020      		tst __tmp_reg__
 513 0306 01F4      		brne .-6
 514 0308 3197      		sbiw r30,1
 515 030a 6E2F      		mov r22,r30
 516 030c 681B      		sub r22,r24
 517 030e 6431      		cpi r22,lo8(20)
 518 0310 00F0      		brlo .L60
 519 0312 63E1      		ldi r22,lo8(19)
 520               	.L60:
 521 0314 862F      		mov r24,r22
 522 0316 90E0      		ldi r25,lo8(0)
 523 0318 0196      		adiw r24,1
 524 031a 880F      		lsl r24
 525 031c 991F      		rol r25
 526 031e 9360      		ori r25,hi8(768)
 527 0320 9093 0000 		sts (usbDescriptorStringSerialNumber)+1,r25
 528 0324 8093 0000 		sts usbDescriptorStringSerialNumber,r24
 529 0328 A0E0      		ldi r26,lo8(usbDescriptorStringSerialNumber+2)
 530 032a B0E0      		ldi r27,hi8(usbDescriptorStringSerialNumber+2)
 531 032c 20E0      		ldi r18,lo8(0)
 532 032e 30E0      		ldi r19,hi8(0)
 533 0330 00C0      		rjmp .L61
 534               	.L62:
 535 0332 FA01      		movw r30,r20
 536 0334 E20F      		add r30,r18
 537 0336 F31F      		adc r31,r19
 538 0338 8081      		ld r24,Z
 539 033a 8C93      		st X,r24
 540 033c 1196      		adiw r26,1
 541 033e 1C92      		st X,__zero_reg__
 542 0340 1197      		sbiw r26,1
 543 0342 2F5F      		subi r18,lo8(-(1))
 544 0344 3F4F      		sbci r19,hi8(-(1))
 545 0346 1296      		adiw r26,2
 546               	.L61:
 547 0348 2617      		cp r18,r22
 548 034a 00F0      		brlo .L62
 549               	/* epilogue start */
 550 034c 0895      		ret
 552               	.global	tty_setDeviceName
 554               	tty_setDeviceName:
 555               	/* prologue: function */
 556               	/* frame size = 0 */
 557 034e AC01      		movw r20,r24
 558 0350 FC01      		movw r30,r24
 559 0352 0190      		ld __tmp_reg__,Z+
 560 0354 0020      		tst __tmp_reg__
 561 0356 01F4      		brne .-6
 562 0358 3197      		sbiw r30,1
 563 035a 6E2F      		mov r22,r30
 564 035c 681B      		sub r22,r24
 565 035e 6431      		cpi r22,lo8(20)
 566 0360 00F0      		brlo .L65
 567 0362 63E1      		ldi r22,lo8(19)
 568               	.L65:
 569 0364 862F      		mov r24,r22
 570 0366 90E0      		ldi r25,lo8(0)
 571 0368 0196      		adiw r24,1
 572 036a 880F      		lsl r24
 573 036c 991F      		rol r25
 574 036e 9360      		ori r25,hi8(768)
 575 0370 9093 0000 		sts (usbDescriptorStringDevice)+1,r25
 576 0374 8093 0000 		sts usbDescriptorStringDevice,r24
 577 0378 A0E0      		ldi r26,lo8(usbDescriptorStringDevice+2)
 578 037a B0E0      		ldi r27,hi8(usbDescriptorStringDevice+2)
 579 037c 20E0      		ldi r18,lo8(0)
 580 037e 30E0      		ldi r19,hi8(0)
 581 0380 00C0      		rjmp .L66
 582               	.L67:
 583 0382 FA01      		movw r30,r20
 584 0384 E20F      		add r30,r18
 585 0386 F31F      		adc r31,r19
 586 0388 8081      		ld r24,Z
 587 038a 8C93      		st X,r24
 588 038c 1196      		adiw r26,1
 589 038e 1C92      		st X,__zero_reg__
 590 0390 1197      		sbiw r26,1
 591 0392 2F5F      		subi r18,lo8(-(1))
 592 0394 3F4F      		sbci r19,hi8(-(1))
 593 0396 1296      		adiw r26,2
 594               	.L66:
 595 0398 2617      		cp r18,r22
 596 039a 00F0      		brlo .L67
 597               	/* epilogue start */
 598 039c 0895      		ret
 600               	.global	tty_setVendorName
 602               	tty_setVendorName:
 603               	/* prologue: function */
 604               	/* frame size = 0 */
 605 039e AC01      		movw r20,r24
 606 03a0 FC01      		movw r30,r24
 607 03a2 0190      		ld __tmp_reg__,Z+
 608 03a4 0020      		tst __tmp_reg__
 609 03a6 01F4      		brne .-6
 610 03a8 3197      		sbiw r30,1
 611 03aa 6E2F      		mov r22,r30
 612 03ac 681B      		sub r22,r24
 613 03ae 6431      		cpi r22,lo8(20)
 614 03b0 00F0      		brlo .L70
 615 03b2 63E1      		ldi r22,lo8(19)
 616               	.L70:
 617 03b4 862F      		mov r24,r22
 618 03b6 90E0      		ldi r25,lo8(0)
 619 03b8 0196      		adiw r24,1
 620 03ba 880F      		lsl r24
 621 03bc 991F      		rol r25
 622 03be 9360      		ori r25,hi8(768)
 623 03c0 9093 0000 		sts (usbDescriptorStringVendor)+1,r25
 624 03c4 8093 0000 		sts usbDescriptorStringVendor,r24
 625 03c8 A0E0      		ldi r26,lo8(usbDescriptorStringVendor+2)
 626 03ca B0E0      		ldi r27,hi8(usbDescriptorStringVendor+2)
 627 03cc 20E0      		ldi r18,lo8(0)
 628 03ce 30E0      		ldi r19,hi8(0)
 629 03d0 00C0      		rjmp .L71
 630               	.L72:
 631 03d2 FA01      		movw r30,r20
 632 03d4 E20F      		add r30,r18
 633 03d6 F31F      		adc r31,r19
 634 03d8 8081      		ld r24,Z
 635 03da 8C93      		st X,r24
 636 03dc 1196      		adiw r26,1
 637 03de 1C92      		st X,__zero_reg__
 638 03e0 1197      		sbiw r26,1
 639 03e2 2F5F      		subi r18,lo8(-(1))
 640 03e4 3F4F      		sbci r19,hi8(-(1))
 641 03e6 1296      		adiw r26,2
 642               	.L71:
 643 03e8 2617      		cp r18,r22
 644 03ea 00F0      		brlo .L72
 645               	/* epilogue start */
 646 03ec 0895      		ret
 648               	.global	tty_getUSBConfigDeviceID
 650               	tty_getUSBConfigDeviceID:
 651               	/* prologue: function */
 652               	/* frame size = 0 */
 653 03ee 00D0      		rcall .
 654 03f0 00D0      		rcall .
 655 03f2 00D0      		rcall .
 656 03f4 EDB7      		in r30,__SP_L__
 657 03f6 FEB7      		in r31,__SP_H__
 658 03f8 3196      		adiw r30,1
 659 03fa 80E0      		ldi r24,lo8(__c.2272)
 660 03fc 90E0      		ldi r25,hi8(__c.2272)
 661 03fe ADB7      		in r26,__SP_L__
 662 0400 BEB7      		in r27,__SP_H__
 663 0402 1296      		adiw r26,1+1
 664 0404 9C93      		st X,r25
 665 0406 8E93      		st -X,r24
 666 0408 1197      		sbiw r26,1
 667 040a 8091 0000 		lds r24,usbDescriptorDevice+11
 668 040e 8283      		std Z+2,r24
 669 0410 1382      		std Z+3,__zero_reg__
 670 0412 8091 0000 		lds r24,usbDescriptorDevice+10
 671 0416 8483      		std Z+4,r24
 672 0418 1582      		std Z+5,__zero_reg__
 673 041a 0E94 0000 		call printf_P
 674 041e 8DB7      		in r24,__SP_L__
 675 0420 9EB7      		in r25,__SP_H__
 676 0422 0696      		adiw r24,6
 677 0424 8DBF      		out __SP_L__,r24
 678               	/* epilogue start */
 679 0426 0895      		ret
 681               	.global	tty_getUSBConfigVendorID
 683               	tty_getUSBConfigVendorID:
 684               	/* prologue: function */
 685               	/* frame size = 0 */
 686 0428 00D0      		rcall .
 687 042a 00D0      		rcall .
 688 042c 00D0      		rcall .
 689 042e EDB7      		in r30,__SP_L__
 690 0430 FEB7      		in r31,__SP_H__
 691 0432 3196      		adiw r30,1
 692 0434 80E0      		ldi r24,lo8(__c.2264)
 693 0436 90E0      		ldi r25,hi8(__c.2264)
 694 0438 ADB7      		in r26,__SP_L__
 695 043a BEB7      		in r27,__SP_H__
 696 043c 1296      		adiw r26,1+1
 697 043e 9C93      		st X,r25
 698 0440 8E93      		st -X,r24
 699 0442 1197      		sbiw r26,1
 700 0444 8091 0000 		lds r24,usbDescriptorDevice+9
 701 0448 8283      		std Z+2,r24
 702 044a 1382      		std Z+3,__zero_reg__
 703 044c 8091 0000 		lds r24,usbDescriptorDevice+8
 704 0450 8483      		std Z+4,r24
 705 0452 1582      		std Z+5,__zero_reg__
 706 0454 0E94 0000 		call printf_P
 707 0458 8DB7      		in r24,__SP_L__
 708 045a 9EB7      		in r25,__SP_H__
 709 045c 0696      		adiw r24,6
 710 045e 8DBF      		out __SP_L__,r24
 711               	/* epilogue start */
 712 0460 0895      		ret
 714               	.global	tty_getSerialNumber
 716               	tty_getSerialNumber:
 717 0462 0F93      		push r16
 718 0464 1F93      		push r17
 719 0466 CF93      		push r28
 720 0468 DF93      		push r29
 721               	/* prologue: function */
 722               	/* frame size = 0 */
 723 046a 8091 0000 		lds r24,usbDescriptorStringSerialNumber
 724 046e 9091 0000 		lds r25,(usbDescriptorStringSerialNumber)+1
 725 0472 9070      		andi r25,hi8(255)
 726 0474 0297      		sbiw r24,2
 727 0476 62E0      		ldi r22,lo8(2)
 728 0478 70E0      		ldi r23,hi8(2)
 729 047a 0E94 0000 		call __divmodhi4
 730 047e 062F      		mov r16,r22
 731 0480 11E0      		ldi r17,lo8(1)
 732 0482 C0E0      		ldi r28,lo8(__c.2250)
 733 0484 D0E0      		ldi r29,hi8(__c.2250)
 734 0486 00C0      		rjmp .L79
 735               	.L80:
 736 0488 00D0      		rcall .
 737 048a 00D0      		rcall .
 738 048c EDB7      		in r30,__SP_L__
 739 048e FEB7      		in r31,__SP_H__
 740 0490 D283      		std Z+2,r29
 741 0492 C183      		std Z+1,r28
 742 0494 E12F      		mov r30,r17
 743 0496 F0E0      		ldi r31,lo8(0)
 744 0498 EE0F      		lsl r30
 745 049a FF1F      		rol r31
 746 049c E050      		subi r30,lo8(-(usbDescriptorStringSerialNumber))
 747 049e F040      		sbci r31,hi8(-(usbDescriptorStringSerialNumber))
 748 04a0 8081      		ld r24,Z
 749 04a2 9181      		ldd r25,Z+1
 750 04a4 EDB7      		in r30,__SP_L__
 751 04a6 FEB7      		in r31,__SP_H__
 752 04a8 9483      		std Z+4,r25
 753 04aa 8383      		std Z+3,r24
 754 04ac 0E94 0000 		call printf_P
 755 04b0 1F5F      		subi r17,lo8(-(1))
 756 04b2 0F90      		pop __tmp_reg__
 757 04b4 0F90      		pop __tmp_reg__
 758 04b6 0F90      		pop __tmp_reg__
 759 04b8 0F90      		pop __tmp_reg__
 760               	.L79:
 761 04ba 0117      		cp r16,r17
 762 04bc 00F4      		brsh .L80
 763               	/* epilogue start */
 764 04be DF91      		pop r29
 765 04c0 CF91      		pop r28
 766 04c2 1F91      		pop r17
 767 04c4 0F91      		pop r16
 768 04c6 0895      		ret
 770               	.global	tty_getDeviceName
 772               	tty_getDeviceName:
 773 04c8 0F93      		push r16
 774 04ca 1F93      		push r17
 775 04cc CF93      		push r28
 776 04ce DF93      		push r29
 777               	/* prologue: function */
 778               	/* frame size = 0 */
 779 04d0 8091 0000 		lds r24,usbDescriptorStringDevice
 780 04d4 9091 0000 		lds r25,(usbDescriptorStringDevice)+1
 781 04d8 9070      		andi r25,hi8(255)
 782 04da 0297      		sbiw r24,2
 783 04dc 62E0      		ldi r22,lo8(2)
 784 04de 70E0      		ldi r23,hi8(2)
 785 04e0 0E94 0000 		call __divmodhi4
 786 04e4 062F      		mov r16,r22
 787 04e6 11E0      		ldi r17,lo8(1)
 788 04e8 C0E0      		ldi r28,lo8(__c.2235)
 789 04ea D0E0      		ldi r29,hi8(__c.2235)
 790 04ec 00C0      		rjmp .L83
 791               	.L84:
 792 04ee 00D0      		rcall .
 793 04f0 00D0      		rcall .
 794 04f2 EDB7      		in r30,__SP_L__
 795 04f4 FEB7      		in r31,__SP_H__
 796 04f6 D283      		std Z+2,r29
 797 04f8 C183      		std Z+1,r28
 798 04fa E12F      		mov r30,r17
 799 04fc F0E0      		ldi r31,lo8(0)
 800 04fe EE0F      		lsl r30
 801 0500 FF1F      		rol r31
 802 0502 E050      		subi r30,lo8(-(usbDescriptorStringDevice))
 803 0504 F040      		sbci r31,hi8(-(usbDescriptorStringDevice))
 804 0506 8081      		ld r24,Z
 805 0508 9181      		ldd r25,Z+1
 806 050a EDB7      		in r30,__SP_L__
 807 050c FEB7      		in r31,__SP_H__
 808 050e 9483      		std Z+4,r25
 809 0510 8383      		std Z+3,r24
 810 0512 0E94 0000 		call printf_P
 811 0516 1F5F      		subi r17,lo8(-(1))
 812 0518 0F90      		pop __tmp_reg__
 813 051a 0F90      		pop __tmp_reg__
 814 051c 0F90      		pop __tmp_reg__
 815 051e 0F90      		pop __tmp_reg__
 816               	.L83:
 817 0520 0117      		cp r16,r17
 818 0522 00F4      		brsh .L84
 819               	/* epilogue start */
 820 0524 DF91      		pop r29
 821 0526 CF91      		pop r28
 822 0528 1F91      		pop r17
 823 052a 0F91      		pop r16
 824 052c 0895      		ret
 826               	.global	tty_getVendorName
 828               	tty_getVendorName:
 829 052e EF92      		push r14
 830 0530 FF92      		push r15
 831 0532 1F93      		push r17
 832 0534 CF93      		push r28
 833 0536 DF93      		push r29
 834               	/* prologue: function */
 835               	/* frame size = 0 */
 836 0538 8091 0000 		lds r24,usbDescriptorStringVendor
 837 053c 9091 0000 		lds r25,(usbDescriptorStringVendor)+1
 838 0540 9070      		andi r25,hi8(255)
 839 0542 0297      		sbiw r24,2
 840 0544 62E0      		ldi r22,lo8(2)
 841 0546 70E0      		ldi r23,hi8(2)
 842 0548 0E94 0000 		call __divmodhi4
 843 054c EB01      		movw r28,r22
 844 054e 11E0      		ldi r17,lo8(1)
 845 0550 90E0      		ldi r25,lo8(__c.2220)
 846 0552 E92E      		mov r14,r25
 847 0554 90E0      		ldi r25,hi8(__c.2220)
 848 0556 F92E      		mov r15,r25
 849 0558 00C0      		rjmp .L87
 850               	.L88:
 851 055a 00D0      		rcall .
 852 055c 00D0      		rcall .
 853 055e ADB7      		in r26,__SP_L__
 854 0560 BEB7      		in r27,__SP_H__
 855 0562 1296      		adiw r26,1+1
 856 0564 FC92      		st X,r15
 857 0566 EE92      		st -X,r14
 858 0568 1197      		sbiw r26,1
 859 056a EE0F      		lsl r30
 860 056c FF1F      		rol r31
 861 056e E050      		subi r30,lo8(-(usbDescriptorStringVendor))
 862 0570 F040      		sbci r31,hi8(-(usbDescriptorStringVendor))
 863 0572 8081      		ld r24,Z
 864 0574 9181      		ldd r25,Z+1
 865 0576 1496      		adiw r26,3+1
 866 0578 9C93      		st X,r25
 867 057a 8E93      		st -X,r24
 868 057c 1397      		sbiw r26,3
 869 057e 0E94 0000 		call printf_P
 870 0582 1F5F      		subi r17,lo8(-(1))
 871 0584 0F90      		pop __tmp_reg__
 872 0586 0F90      		pop __tmp_reg__
 873 0588 0F90      		pop __tmp_reg__
 874 058a 0F90      		pop __tmp_reg__
 875               	.L87:
 876 058c E12F      		mov r30,r17
 877 058e F0E0      		ldi r31,lo8(0)
 878 0590 CE17      		cp r28,r30
 879 0592 DF07      		cpc r29,r31
 880 0594 04F4      		brge .L88
 881               	/* epilogue start */
 882 0596 DF91      		pop r29
 883 0598 CF91      		pop r28
 884 059a 1F91      		pop r17
 885 059c FF90      		pop r15
 886 059e EF90      		pop r14
 887 05a0 0895      		ret
 889               	.global	tty_getUSBHidDeviceDescriptor
 891               	tty_getUSBHidDeviceDescriptor:
 892 05a2 CF92      		push r12
 893 05a4 DF92      		push r13
 894 05a6 FF92      		push r15
 895 05a8 0F93      		push r16
 896 05aa 1F93      		push r17
 897 05ac CF93      		push r28
 898 05ae DF93      		push r29
 899               	/* prologue: function */
 900               	/* frame size = 0 */
 901 05b0 FF24      		clr r15
 902 05b2 20E0      		ldi r18,lo8(__c.2203)
 903 05b4 C22E      		mov r12,r18
 904 05b6 20E0      		ldi r18,hi8(__c.2203)
 905 05b8 D22E      		mov r13,r18
 906 05ba C0E0      		ldi r28,lo8(__c.2205)
 907 05bc D0E0      		ldi r29,hi8(__c.2205)
 908 05be 00C0      		rjmp .L91
 909               	.L93:
 910 05c0 0F2D      		mov r16,r15
 911 05c2 10E0      		ldi r17,lo8(0)
 912 05c4 00D0      		rcall .
 913 05c6 00D0      		rcall .
 914 05c8 ADB7      		in r26,__SP_L__
 915 05ca BEB7      		in r27,__SP_H__
 916 05cc 1196      		adiw r26,1
 917 05ce EDB7      		in r30,__SP_L__
 918 05d0 FEB7      		in r31,__SP_H__
 919 05d2 D282      		std Z+2,r13
 920 05d4 C182      		std Z+1,r12
 921 05d6 F801      		movw r30,r16
 922 05d8 E050      		subi r30,lo8(-(usbHidReportDescriptor))
 923 05da F040      		sbci r31,hi8(-(usbHidReportDescriptor))
 924 05dc 8081      		ld r24,Z
 925 05de 1296      		adiw r26,2
 926 05e0 8C93      		st X,r24
 927 05e2 1297      		sbiw r26,2
 928 05e4 1396      		adiw r26,3
 929 05e6 1C92      		st X,__zero_reg__
 930 05e8 0E94 0000 		call printf_P
 931 05ec C801      		movw r24,r16
 932 05ee 0196      		adiw r24,1
 933 05f0 64E1      		ldi r22,lo8(20)
 934 05f2 70E0      		ldi r23,hi8(20)
 935 05f4 0E94 0000 		call __divmodhi4
 936 05f8 0F90      		pop __tmp_reg__
 937 05fa 0F90      		pop __tmp_reg__
 938 05fc 0F90      		pop __tmp_reg__
 939 05fe 0F90      		pop __tmp_reg__
 940 0600 892B      		or r24,r25
 941 0602 01F4      		brne .L92
 942 0604 00D0      		rcall .
 943 0606 EDB7      		in r30,__SP_L__
 944 0608 FEB7      		in r31,__SP_H__
 945 060a D283      		std Z+2,r29
 946 060c C183      		std Z+1,r28
 947 060e 0E94 0000 		call printf_P
 948 0612 0F90      		pop __tmp_reg__
 949 0614 0F90      		pop __tmp_reg__
 950               	.L92:
 951 0616 F394      		inc r15
 952               	.L91:
 953 0618 8091 0000 		lds r24,maxUSBHidReportDescriptorBytes
 954 061c F816      		cp r15,r24
 955 061e 00F0      		brlo .L93
 956               	/* epilogue start */
 957 0620 DF91      		pop r29
 958 0622 CF91      		pop r28
 959 0624 1F91      		pop r17
 960 0626 0F91      		pop r16
 961 0628 FF90      		pop r15
 962 062a DF90      		pop r13
 963 062c CF90      		pop r12
 964 062e 0895      		ret
 966               	.global	tty_getUSBReportData
 968               	tty_getUSBReportData:
 969 0630 CF92      		push r12
 970 0632 DF92      		push r13
 971 0634 FF92      		push r15
 972 0636 0F93      		push r16
 973 0638 1F93      		push r17
 974 063a CF93      		push r28
 975 063c DF93      		push r29
 976               	/* prologue: function */
 977               	/* frame size = 0 */
 978 063e FF24      		clr r15
 979 0640 30E0      		ldi r19,lo8(__c.2187)
 980 0642 C32E      		mov r12,r19
 981 0644 30E0      		ldi r19,hi8(__c.2187)
 982 0646 D32E      		mov r13,r19
 983 0648 C0E0      		ldi r28,lo8(__c.2189)
 984 064a D0E0      		ldi r29,hi8(__c.2189)
 985 064c 00C0      		rjmp .L96
 986               	.L98:
 987 064e 0F2D      		mov r16,r15
 988 0650 10E0      		ldi r17,lo8(0)
 989 0652 00D0      		rcall .
 990 0654 00D0      		rcall .
 991 0656 ADB7      		in r26,__SP_L__
 992 0658 BEB7      		in r27,__SP_H__
 993 065a 1196      		adiw r26,1
 994 065c EDB7      		in r30,__SP_L__
 995 065e FEB7      		in r31,__SP_H__
 996 0660 D282      		std Z+2,r13
 997 0662 C182      		std Z+1,r12
 998 0664 F801      		movw r30,r16
 999 0666 E050      		subi r30,lo8(-(dataBytes))
 1000 0668 F040      		sbci r31,hi8(-(dataBytes))
 1001 066a 8081      		ld r24,Z
 1002 066c 1296      		adiw r26,2
 1003 066e 8C93      		st X,r24
 1004 0670 1297      		sbiw r26,2
 1005 0672 1396      		adiw r26,3
 1006 0674 1C92      		st X,__zero_reg__
 1007 0676 0E94 0000 		call printf_P
 1008 067a C801      		movw r24,r16
 1009 067c 0196      		adiw r24,1
 1010 067e 64E1      		ldi r22,lo8(20)
 1011 0680 70E0      		ldi r23,hi8(20)
 1012 0682 0E94 0000 		call __divmodhi4
 1013 0686 0F90      		pop __tmp_reg__
 1014 0688 0F90      		pop __tmp_reg__
 1015 068a 0F90      		pop __tmp_reg__
 1016 068c 0F90      		pop __tmp_reg__
 1017 068e 892B      		or r24,r25
 1018 0690 01F4      		brne .L97
 1019 0692 00D0      		rcall .
 1020 0694 EDB7      		in r30,__SP_L__
 1021 0696 FEB7      		in r31,__SP_H__
 1022 0698 D283      		std Z+2,r29
 1023 069a C183      		std Z+1,r28
 1024 069c 0E94 0000 		call printf_P
 1025 06a0 0F90      		pop __tmp_reg__
 1026 06a2 0F90      		pop __tmp_reg__
 1027               	.L97:
 1028 06a4 F394      		inc r15
 1029               	.L96:
 1030 06a6 8091 0000 		lds r24,maxUSBDataBytes
 1031 06aa F816      		cp r15,r24
 1032 06ac 00F0      		brlo .L98
 1033               	/* epilogue start */
 1034 06ae DF91      		pop r29
 1035 06b0 CF91      		pop r28
 1036 06b2 1F91      		pop r17
 1037 06b4 0F91      		pop r16
 1038 06b6 FF90      		pop r15
 1039 06b8 DF90      		pop r13
 1040 06ba CF90      		pop r12
 1041 06bc 0895      		ret
 1043               	.global	tty_setInterrupt
 1045               	tty_setInterrupt:
 1046               	/* prologue: function */
 1047               	/* frame size = 0 */
 1048 06be 8091 0000 		lds r24,usbTxStatus1
 1049 06c2 84FF      		sbrs r24,4
 1050 06c4 00C0      		rjmp .L102
 1051 06c6 80E0      		ldi r24,lo8(dataBytes)
 1052 06c8 90E0      		ldi r25,hi8(dataBytes)
 1053 06ca 6091 0000 		lds r22,maxUSBDataBytes
 1054 06ce 0E94 0000 		call usbSetInterrupt
 1055               	.L102:
 1056 06d2 0895      		ret
 1058               		.data
 1059               	.LC1:
 1060 0003 2000      		.string	" "
 1061               		.text
 1062               	.global	tty_executeCmd
 1064               	tty_executeCmd:
 1065 06d4 CF92      		push r12
 1066 06d6 DF92      		push r13
 1067 06d8 EF92      		push r14
 1068 06da FF92      		push r15
 1069 06dc 0F93      		push r16
 1070 06de 1F93      		push r17
 1071 06e0 CF93      		push r28
 1072 06e2 DF93      		push r29
 1073               	/* prologue: function */
 1074               	/* frame size = 0 */
 1075 06e4 6C01      		movw r12,r24
 1076 06e6 60E0      		ldi r22,lo8(.LC1)
 1077 06e8 70E0      		ldi r23,hi8(.LC1)
 1078 06ea 0E94 0000 		call strtok
 1079 06ee 7C01      		movw r14,r24
 1080 06f0 C0E0      		ldi r28,lo8(tty_commands)
 1081 06f2 D0E0      		ldi r29,hi8(tty_commands)
 1082               	.L106:
 1083 06f4 FE01      		movw r30,r28
 1084 06f6 3496      		adiw r30,4
 1085               	/* #APP */
 1086               	 ;  212 "tty.c" 1
 1087 06f8 0591      		lpm r16, Z+
 1088 06fa 1491      		lpm r17, Z
 1089               		
 1090               	 ;  0 "" 2
 1091               	/* #NOAPP */
 1092 06fc C701      		movw r24,r14
 1093 06fe B801      		movw r22,r16
 1094 0700 0E94 0000 		call strcmp_P
 1095 0704 892B      		or r24,r25
 1096 0706 01F0      		breq .L104
 1097 0708 80E0      		ldi r24,hi8(tty_commands+264)
 1098 070a C030      		cpi r28,lo8(tty_commands+264)
 1099 070c D807      		cpc r29,r24
 1100 070e 01F0      		breq .L105
 1101 0710 2696      		adiw r28,6
 1102 0712 00C0      		rjmp .L106
 1103               	.L104:
 1104 0714 4598      		cbi 40-32,5
 1105 0716 FE01      		movw r30,r28
 1106               	/* #APP */
 1107               	 ;  228 "tty.c" 1
 1108 0718 E590      		lpm r14, Z+
 1109 071a F490      		lpm r15, Z
 1110               		
 1111               	 ;  0 "" 2
 1112               	/* #NOAPP */
 1113 071c FE01      		movw r30,r28
 1114 071e 3296      		adiw r30,2
 1115               	/* #APP */
 1116               	 ;  229 "tty.c" 1
 1117 0720 8591      		lpm r24, Z+
 1118 0722 9491      		lpm r25, Z
 1119               		
 1120               	 ;  0 "" 2
 1121               	/* #NOAPP */
 1122 0724 8130      		cpi r24,1
 1123 0726 9105      		cpc r25,__zero_reg__
 1124 0728 01F4      		brne .L107
 1125 072a C801      		movw r24,r16
 1126 072c 0E94 0000 		call strlen_P
 1127 0730 0196      		adiw r24,1
 1128 0732 8C0D      		add r24,r12
 1129 0734 9D1D      		adc r25,r13
 1130 0736 00C0      		rjmp .L112
 1131               	.L107:
 1132 0738 0097      		sbiw r24,0
 1133 073a 01F4      		brne .L109
 1134 073c 80E0      		ldi r24,lo8(0)
 1135 073e 90E0      		ldi r25,hi8(0)
 1136 0740 00C0      		rjmp .L112
 1137               	.L109:
 1138 0742 4097      		sbiw r24,16
 1139 0744 8730      		cpi r24,7
 1140 0746 9105      		cpc r25,__zero_reg__
 1141 0748 00F4      		brsh .L105
 1142               	.L112:
 1143 074a F701      		movw r30,r14
 1144 074c 0995      		icall
 1145 074e 459A      		sbi 40-32,5
 1146 0750 21E0      		ldi r18,lo8(1)
 1147 0752 30E0      		ldi r19,hi8(1)
 1148 0754 00C0      		rjmp .L110
 1149               	.L105:
 1150 0756 20E0      		ldi r18,lo8(0)
 1151 0758 30E0      		ldi r19,hi8(0)
 1152               	.L110:
 1153 075a C901      		movw r24,r18
 1154               	/* epilogue start */
 1155 075c DF91      		pop r29
 1156 075e CF91      		pop r28
 1157 0760 1F91      		pop r17
 1158 0762 0F91      		pop r16
 1159 0764 FF90      		pop r15
 1160 0766 EF90      		pop r14
 1161 0768 DF90      		pop r13
 1162 076a CF90      		pop r12
 1163 076c 0895      		ret
 1165               		.data
 1166               	.LC2:
 1167 0005 3078 2530 		.string	"0x%02x"
 1167      3278 00
 1168               		.text
 1169               	.global	tty_pollTerminal
 1171               	tty_pollTerminal:
 1172 076e 0F93      		push r16
 1173 0770 1F93      		push r17
 1174 0772 DF93      		push r29
 1175 0774 CF93      		push r28
 1176 0776 00D0      		rcall .
 1177 0778 CDB7      		in r28,__SP_L__
 1178 077a DEB7      		in r29,__SP_H__
 1179               	/* prologue: function */
 1180               	/* frame size = 2 */
 1181 077c 0E94 0000 		call uart_getc
 1182 0780 182F      		mov r17,r24
 1183 0782 8823      		tst r24
 1184 0784 01F4      		brne .+2
 1185 0786 00C0      		rjmp .L135
 1186 0788 8D30      		cpi r24,lo8(13)
 1187 078a 01F4      		brne .+2
 1188 078c 00C0      		rjmp .L115
 1189 078e 8F37      		cpi r24,lo8(127)
 1190 0790 00F4      		brsh .L121
 1191 0792 8032      		cpi r24,lo8(32)
 1192 0794 00F4      		brsh .L119
 1193 0796 8930      		cpi r24,lo8(9)
 1194 0798 01F0      		breq .L117
 1195 079a 8B31      		cpi r24,lo8(27)
 1196 079c 01F0      		breq .+2
 1197 079e 00C0      		rjmp .L116
 1198 07a0 00C0      		rjmp .L141
 1199               	.L121:
 1200 07a2 8F37      		cpi r24,lo8(127)
 1201 07a4 01F0      		breq .+2
 1202 07a6 00C0      		rjmp .L116
 1203 07a8 00C0      		rjmp .L142
 1204               	.L119:
 1205 07aa 8091 0000 		lds r24,tty_config
 1206 07ae 82FF      		sbrs r24,2
 1207 07b0 00C0      		rjmp .L122
 1208 07b2 00D0      		rcall .
 1209 07b4 00D0      		rcall .
 1210 07b6 EDB7      		in r30,__SP_L__
 1211 07b8 FEB7      		in r31,__SP_H__
 1212 07ba 3196      		adiw r30,1
 1213 07bc 80E0      		ldi r24,lo8(__c.2046)
 1214 07be 90E0      		ldi r25,hi8(__c.2046)
 1215 07c0 ADB7      		in r26,__SP_L__
 1216 07c2 BEB7      		in r27,__SP_H__
 1217 07c4 1296      		adiw r26,1+1
 1218 07c6 9C93      		st X,r25
 1219 07c8 8E93      		st -X,r24
 1220 07ca 1197      		sbiw r26,1
 1221 07cc 1283      		std Z+2,r17
 1222 07ce 1382      		std Z+3,__zero_reg__
 1223 07d0 0E94 0000 		call printf_P
 1224 07d4 0F90      		pop __tmp_reg__
 1225 07d6 0F90      		pop __tmp_reg__
 1226 07d8 0F90      		pop __tmp_reg__
 1227 07da 0F90      		pop __tmp_reg__
 1228               	.L122:
 1229 07dc 8091 0000 		lds r24,tty_cb_pos
 1230 07e0 E82F      		mov r30,r24
 1231 07e2 F0E0      		ldi r31,lo8(0)
 1232 07e4 E050      		subi r30,lo8(-(tty_buff))
 1233 07e6 F040      		sbci r31,hi8(-(tty_buff))
 1234 07e8 1083      		st Z,r17
 1235 07ea 00C0      		rjmp .L136
 1236               	.L117:
 1237 07ec 8091 0000 		lds r24,tty_cb_pos
 1238 07f0 E82F      		mov r30,r24
 1239 07f2 F0E0      		ldi r31,lo8(0)
 1240 07f4 E050      		subi r30,lo8(-(tty_buff))
 1241 07f6 F040      		sbci r31,hi8(-(tty_buff))
 1242 07f8 90E2      		ldi r25,lo8(32)
 1243 07fa 9083      		st Z,r25
 1244               	.L136:
 1245 07fc 8F5F      		subi r24,lo8(-(1))
 1246 07fe 8093 0000 		sts tty_cb_pos,r24
 1247 0802 00C0      		rjmp .L116
 1248               	.L142:
 1249 0804 8091 0000 		lds r24,tty_cb_pos
 1250 0808 8823      		tst r24
 1251 080a 01F0      		breq .L116
 1252 080c 8091 0000 		lds r24,tty_config
 1253 0810 82FF      		sbrs r24,2
 1254 0812 00C0      		rjmp .L116
 1255 0814 00D0      		rcall .
 1256 0816 80E0      		ldi r24,lo8(__c.2051)
 1257 0818 90E0      		ldi r25,hi8(__c.2051)
 1258 081a EDB7      		in r30,__SP_L__
 1259 081c FEB7      		in r31,__SP_H__
 1260 081e 9283      		std Z+2,r25
 1261 0820 8183      		std Z+1,r24
 1262 0822 0E94 0000 		call printf_P
 1263 0826 8091 0000 		lds r24,tty_cb_pos
 1264 082a E82F      		mov r30,r24
 1265 082c F0E0      		ldi r31,lo8(0)
 1266 082e E050      		subi r30,lo8(-(tty_buff))
 1267 0830 F040      		sbci r31,hi8(-(tty_buff))
 1268 0832 1082      		st Z,__zero_reg__
 1269 0834 8150      		subi r24,lo8(-(-1))
 1270 0836 8093 0000 		sts tty_cb_pos,r24
 1271 083a 00C0      		rjmp .L137
 1272               	.L141:
 1273 083c 8091 0000 		lds r24,tty_cb_pos
 1274 0840 8823      		tst r24
 1275 0842 01F0      		breq .L116
 1276 0844 00D0      		rcall .
 1277 0846 80E0      		ldi r24,lo8(__c.2054)
 1278 0848 90E0      		ldi r25,hi8(__c.2054)
 1279 084a ADB7      		in r26,__SP_L__
 1280 084c BEB7      		in r27,__SP_H__
 1281 084e 1296      		adiw r26,1+1
 1282 0850 9C93      		st X,r25
 1283 0852 8E93      		st -X,r24
 1284 0854 1197      		sbiw r26,1
 1285 0856 0E94 0000 		call printf_P
 1286 085a 1092 0000 		sts tty_cb_pos,__zero_reg__
 1287               	.L137:
 1288 085e 0F90      		pop __tmp_reg__
 1289 0860 0F90      		pop __tmp_reg__
 1290               	.L116:
 1291 0862 8091 0000 		lds r24,tty_cb_pos
 1292 0866 8F31      		cpi r24,lo8(31)
 1293 0868 00F4      		brsh .+2
 1294 086a 00C0      		rjmp .L135
 1295 086c 1092 0000 		sts tty_cb_pos,__zero_reg__
 1296 0870 00C0      		rjmp .L135
 1297               	.L115:
 1298 0872 9091 0000 		lds r25,tty_config
 1299 0876 892F      		mov r24,r25
 1300 0878 8370      		andi r24,lo8(3)
 1301 087a E091 0000 		lds r30,tty_cb_pos
 1302 087e 8823      		tst r24
 1303 0880 01F0      		breq .+2
 1304 0882 00C0      		rjmp .L123
 1305 0884 F0E0      		ldi r31,lo8(0)
 1306 0886 E050      		subi r30,lo8(-(tty_buff))
 1307 0888 F040      		sbci r31,hi8(-(tty_buff))
 1308 088a 1082      		st Z,__zero_reg__
 1309 088c 1092 0000 		sts tty_cb_pos,__zero_reg__
 1310 0890 92FF      		sbrs r25,2
 1311 0892 00C0      		rjmp .L124
 1312 0894 00D0      		rcall .
 1313 0896 80E0      		ldi r24,lo8(__c.2056)
 1314 0898 90E0      		ldi r25,hi8(__c.2056)
 1315 089a EDB7      		in r30,__SP_L__
 1316 089c FEB7      		in r31,__SP_H__
 1317 089e 9283      		std Z+2,r25
 1318 08a0 8183      		std Z+1,r24
 1319 08a2 0E94 0000 		call printf_P
 1320 08a6 0F90      		pop __tmp_reg__
 1321 08a8 0F90      		pop __tmp_reg__
 1322               	.L124:
 1323 08aa 80E0      		ldi r24,lo8(tty_buff)
 1324 08ac 90E0      		ldi r25,hi8(tty_buff)
 1325 08ae 0E94 0000 		call tty_executeCmd
 1326 08b2 892B      		or r24,r25
 1327 08b4 01F0      		breq .L125
 1328 08b6 8091 0000 		lds r24,tty_config
 1329 08ba 8370      		andi r24,lo8(3)
 1330 08bc 01F0      		breq .+2
 1331 08be 00C0      		rjmp .L135
 1332 08c0 00C0      		rjmp .L126
 1333               	.L125:
 1334 08c2 8091 0000 		lds r24,tty_buff
 1335 08c6 8823      		tst r24
 1336 08c8 01F0      		breq .L126
 1337 08ca 00D0      		rcall .
 1338 08cc 80E0      		ldi r24,lo8(__c.2058)
 1339 08ce 90E0      		ldi r25,hi8(__c.2058)
 1340 08d0 ADB7      		in r26,__SP_L__
 1341 08d2 BEB7      		in r27,__SP_H__
 1342 08d4 1296      		adiw r26,1+1
 1343 08d6 9C93      		st X,r25
 1344 08d8 8E93      		st -X,r24
 1345 08da 1197      		sbiw r26,1
 1346 08dc 0E94 0000 		call printf_P
 1347 08e0 0F90      		pop __tmp_reg__
 1348 08e2 0F90      		pop __tmp_reg__
 1349               	.L126:
 1350 08e4 00D0      		rcall .
 1351 08e6 80E0      		ldi r24,lo8(__c.2060)
 1352 08e8 90E0      		ldi r25,hi8(__c.2060)
 1353 08ea EDB7      		in r30,__SP_L__
 1354 08ec FEB7      		in r31,__SP_H__
 1355 08ee 9283      		std Z+2,r25
 1356 08f0 8183      		std Z+1,r24
 1357 08f2 0E94 0000 		call printf_P
 1358 08f6 8091 0000 		lds r24,tty_config
 1359 08fa 0F90      		pop __tmp_reg__
 1360 08fc 0F90      		pop __tmp_reg__
 1361 08fe 82FF      		sbrs r24,2
 1362 0900 00C0      		rjmp .L135
 1363 0902 00D0      		rcall .
 1364 0904 80E0      		ldi r24,lo8(__c.2062)
 1365 0906 90E0      		ldi r25,hi8(__c.2062)
 1366 0908 00C0      		rjmp .L140
 1367               	.L123:
 1368 090a F0E0      		ldi r31,lo8(0)
 1369 090c 00E0      		ldi r16,lo8(tty_buff)
 1370 090e 10E0      		ldi r17,hi8(tty_buff)
 1371 0910 E00F      		add r30,r16
 1372 0912 F11F      		adc r31,r17
 1373 0914 1082      		st Z,__zero_reg__
 1374 0916 1092 0000 		sts tty_cb_pos,__zero_reg__
 1375 091a C801      		movw r24,r16
 1376 091c 60E0      		ldi r22,lo8(__c.2064)
 1377 091e 70E0      		ldi r23,hi8(__c.2064)
 1378 0920 0E94 0000 		call strcmp_P
 1379 0924 892B      		or r24,r25
 1380 0926 01F4      		brne .L127
 1381 0928 00D0      		rcall .
 1382 092a 80E0      		ldi r24,lo8(__c.2066)
 1383 092c 90E0      		ldi r25,hi8(__c.2066)
 1384 092e EDB7      		in r30,__SP_L__
 1385 0930 FEB7      		in r31,__SP_H__
 1386 0932 9283      		std Z+2,r25
 1387 0934 8183      		std Z+1,r24
 1388 0936 0E94 0000 		call printf_P
 1389 093a 8091 0000 		lds r24,tty_config
 1390 093e 0F90      		pop __tmp_reg__
 1391 0940 0F90      		pop __tmp_reg__
 1392 0942 82FF      		sbrs r24,2
 1393 0944 00C0      		rjmp .L128
 1394 0946 00D0      		rcall .
 1395 0948 80E0      		ldi r24,lo8(__c.2068)
 1396 094a 90E0      		ldi r25,hi8(__c.2068)
 1397 094c ADB7      		in r26,__SP_L__
 1398 094e BEB7      		in r27,__SP_H__
 1399 0950 1296      		adiw r26,1+1
 1400 0952 9C93      		st X,r25
 1401 0954 8E93      		st -X,r24
 1402 0956 1197      		sbiw r26,1
 1403 0958 0E94 0000 		call printf_P
 1404 095c 0F90      		pop __tmp_reg__
 1405 095e 0F90      		pop __tmp_reg__
 1406               	.L128:
 1407 0960 8091 0000 		lds r24,tty_config
 1408 0964 8370      		andi r24,lo8(3)
 1409 0966 8130      		cpi r24,lo8(1)
 1410 0968 01F4      		brne .L129
 1411 096a 8091 0000 		lds r24,tty_ud_pos
 1412 096e 8093 0000 		sts maxUSBHidReportDescriptorBytes,r24
 1413 0972 8093 0000 		sts usbDescriptorConfiguration+25,r24
 1414 0976 1092 0000 		sts usbDescriptorConfiguration+26,__zero_reg__
 1415 097a 00C0      		rjmp .L130
 1416               	.L129:
 1417 097c 8230      		cpi r24,lo8(2)
 1418 097e 01F4      		brne .L130
 1419 0980 8091 0000 		lds r24,tty_ud_pos
 1420 0984 8093 0000 		sts maxUSBDataBytes,r24
 1421               	.L130:
 1422 0988 1092 0000 		sts tty_ud_pos,__zero_reg__
 1423 098c 8091 0000 		lds r24,tty_config
 1424 0990 8C7F      		andi r24,lo8(-4)
 1425 0992 8093 0000 		sts tty_config,r24
 1426 0996 00C0      		rjmp .L135
 1427               	.L127:
 1428 0998 1A82      		std Y+2,__zero_reg__
 1429 099a 1982      		std Y+1,__zero_reg__
 1430 099c 00D0      		rcall .
 1431 099e 00D0      		rcall .
 1432 09a0 00D0      		rcall .
 1433 09a2 EDB7      		in r30,__SP_L__
 1434 09a4 FEB7      		in r31,__SP_H__
 1435 09a6 3196      		adiw r30,1
 1436 09a8 ADB7      		in r26,__SP_L__
 1437 09aa BEB7      		in r27,__SP_H__
 1438 09ac 1296      		adiw r26,1+1
 1439 09ae 1C93      		st X,r17
 1440 09b0 0E93      		st -X,r16
 1441 09b2 1197      		sbiw r26,1
 1442 09b4 80E0      		ldi r24,lo8(.LC2)
 1443 09b6 90E0      		ldi r25,hi8(.LC2)
 1444 09b8 9383      		std Z+3,r25
 1445 09ba 8283      		std Z+2,r24
 1446 09bc CE01      		movw r24,r28
 1447 09be 0196      		adiw r24,1
 1448 09c0 9583      		std Z+5,r25
 1449 09c2 8483      		std Z+4,r24
 1450 09c4 0E94 0000 		call sscanf
 1451 09c8 EDB7      		in r30,__SP_L__
 1452 09ca FEB7      		in r31,__SP_H__
 1453 09cc 3696      		adiw r30,6
 1454 09ce EDBF      		out __SP_L__,r30
 1455 09d0 892B      		or r24,r25
 1456 09d2 01F0      		breq .L131
 1457 09d4 F801      		movw r30,r16
 1458 09d6 0190      		ld __tmp_reg__,Z+
 1459 09d8 0020      		tst __tmp_reg__
 1460 09da 01F4      		brne .-6
 1461 09dc E050      		subi r30,lo8(tty_buff+5)
 1462 09de F040      		sbci r31,hi8(tty_buff+5)
 1463 09e0 01F4      		brne .L131
 1464 09e2 8091 0000 		lds r24,tty_config
 1465 09e6 8370      		andi r24,lo8(3)
 1466 09e8 8130      		cpi r24,lo8(1)
 1467 09ea 01F4      		brne .L132
 1468 09ec E091 0000 		lds r30,tty_ud_pos
 1469 09f0 F0E0      		ldi r31,lo8(0)
 1470 09f2 E050      		subi r30,lo8(-(usbHidReportDescriptor))
 1471 09f4 F040      		sbci r31,hi8(-(usbHidReportDescriptor))
 1472 09f6 00C0      		rjmp .L138
 1473               	.L132:
 1474 09f8 8230      		cpi r24,lo8(2)
 1475 09fa 01F4      		brne .L133
 1476 09fc E091 0000 		lds r30,tty_ud_pos
 1477 0a00 F0E0      		ldi r31,lo8(0)
 1478 0a02 E050      		subi r30,lo8(-(dataBytes))
 1479 0a04 F040      		sbci r31,hi8(-(dataBytes))
 1480               	.L138:
 1481 0a06 8981      		ldd r24,Y+1
 1482 0a08 8083      		st Z,r24
 1483               	.L133:
 1484 0a0a 8091 0000 		lds r24,tty_ud_pos
 1485 0a0e 8F5F      		subi r24,lo8(-(1))
 1486 0a10 8093 0000 		sts tty_ud_pos,r24
 1487 0a14 00D0      		rcall .
 1488 0a16 80E0      		ldi r24,lo8(__c.2071)
 1489 0a18 90E0      		ldi r25,hi8(__c.2071)
 1490 0a1a ADB7      		in r26,__SP_L__
 1491 0a1c BEB7      		in r27,__SP_H__
 1492 0a1e 1296      		adiw r26,1+1
 1493 0a20 9C93      		st X,r25
 1494 0a22 8E93      		st -X,r24
 1495 0a24 1197      		sbiw r26,1
 1496 0a26 00C0      		rjmp .L139
 1497               	.L131:
 1498 0a28 00D0      		rcall .
 1499 0a2a 80E0      		ldi r24,lo8(__c.2073)
 1500 0a2c 90E0      		ldi r25,hi8(__c.2073)
 1501 0a2e EDB7      		in r30,__SP_L__
 1502 0a30 FEB7      		in r31,__SP_H__
 1503 0a32 9283      		std Z+2,r25
 1504 0a34 8183      		std Z+1,r24
 1505               	.L139:
 1506 0a36 0E94 0000 		call printf_P
 1507 0a3a 80E0      		ldi r24,lo8(__c.2075)
 1508 0a3c 90E0      		ldi r25,hi8(__c.2075)
 1509               	.L140:
 1510 0a3e ADB7      		in r26,__SP_L__
 1511 0a40 BEB7      		in r27,__SP_H__
 1512 0a42 1296      		adiw r26,1+1
 1513 0a44 9C93      		st X,r25
 1514 0a46 8E93      		st -X,r24
 1515 0a48 1197      		sbiw r26,1
 1516 0a4a 0E94 0000 		call printf_P
 1517 0a4e 0F90      		pop __tmp_reg__
 1518 0a50 0F90      		pop __tmp_reg__
 1519               	.L135:
 1520               	/* epilogue start */
 1521 0a52 2296      		adiw r28,2
 1522 0a54 CDBF      		out __SP_L__,r28
 1523 0a56 CF91      		pop r28
 1524 0a58 DF91      		pop r29
 1525 0a5a 1F91      		pop r17
 1526 0a5c 0F91      		pop r16
 1527 0a5e 0895      		ret
 1529               	.global	WELCOME_MSG
 1530               		.section	.progmem.data,"a",@progbits
 1533               	WELCOME_MSG:
 1534 0000 0D0A 2D2D 		.string	"\r\n------------------\r\n\r\nklaute's HackStick\r\nv0.06 (by klaute)\r\n>"
 1534      2D2D 2D2D 
 1534      2D2D 2D2D 
 1534      2D2D 2D2D 
 1534      2D2D 2D2D 
 1535               	.global	_rledon
 1538               	_rledon:
 1539 0041 726C 6564 		.string	"rledon"
 1539      6F6E 00
 1540               	.global	_rledoff
 1543               	_rledoff:
 1544 0048 726C 6564 		.string	"rledoff"
 1544      6F66 6600 
 1545               	.global	_yledon
 1548               	_yledon:
 1549 0050 796C 6564 		.string	"yledon"
 1549      6F6E 00
 1550               	.global	_yledoff
 1553               	_yledoff:
 1554 0057 796C 6564 		.string	"yledoff"
 1554      6F66 6600 
 1555               	.global	_gledon
 1558               	_gledon:
 1559 005f 676C 6564 		.string	"gledon"
 1559      6F6E 00
 1560               	.global	_gledoff
 1563               	_gledoff:
 1564 0066 676C 6564 		.string	"gledoff"
 1564      6F66 6600 
 1565               	.global	_urst
 1568               	_urst:
 1569 006e 7572 7374 		.string	"urst"
 1569      00
 1570               	.global	_sint
 1573               	_sint:
 1574 0073 7369 6E74 		.string	"sint"
 1574      00
 1575               	.global	_gdsc
 1578               	_gdsc:
 1579 0078 6764 7363 		.string	"gdsc"
 1579      00
 1580               	.global	_gdta
 1583               	_gdta:
 1584 007d 6764 7461 		.string	"gdta"
 1584      00
 1585               	.global	_sdsc
 1588               	_sdsc:
 1589 0082 7364 7363 		.string	"sdsc"
 1589      00
 1590               	.global	_sdta
 1593               	_sdta:
 1594 0087 7364 7461 		.string	"sdta"
 1594      00
 1595               	.global	_erdta
 1598               	_erdta:
 1599 008c 6572 6474 		.string	"erdta"
 1599      6100 
 1600               	.global	_esdta
 1603               	_esdta:
 1604 0092 6573 6474 		.string	"esdta"
 1604      6100 
 1605               	.global	_erdsc
 1608               	_erdsc:
 1609 0098 6572 6473 		.string	"erdsc"
 1609      6300 
 1610               	.global	_esdsc
 1613               	_esdsc:
 1614 009e 6573 6473 		.string	"esdsc"
 1614      6300 
 1615               	.global	_ervn
 1618               	_ervn:
 1619 00a4 6572 766E 		.string	"ervn"
 1619      00
 1620               	.global	_esvn
 1623               	_esvn:
 1624 00a9 6573 766E 		.string	"esvn"
 1624      00
 1625               	.global	_ern
 1628               	_ern:
 1629 00ae 6572 6E00 		.string	"ern"
 1630               	.global	_esn
 1633               	_esn:
 1634 00b2 6573 6E00 		.string	"esn"
 1635               	.global	_ersn
 1638               	_ersn:
 1639 00b6 6572 736E 		.string	"ersn"
 1639      00
 1640               	.global	_essn
 1643               	_essn:
 1644 00bb 6573 736E 		.string	"essn"
 1644      00
 1645               	.global	_ercvid
 1648               	_ercvid:
 1649 00c0 6572 6376 		.string	"ercvid"
 1649      6964 00
 1650               	.global	_escvid
 1653               	_escvid:
 1654 00c7 6573 6376 		.string	"escvid"
 1654      6964 00
 1655               	.global	_ercdid
 1658               	_ercdid:
 1659 00ce 6572 6364 		.string	"ercdid"
 1659      6964 00
 1660               	.global	_escdid
 1663               	_escdid:
 1664 00d5 6573 6364 		.string	"escdid"
 1664      6964 00
 1665               	.global	_tlosdsc
 1668               	_tlosdsc:
 1669 00dc 746C 6F73 		.string	"tlosdsc"
 1669      6473 6300 
 1670               	.global	_tlosdta
 1673               	_tlosdta:
 1674 00e4 746C 6F73 		.string	"tlosdta"
 1674      6474 6100 
 1675               	.global	_tlosvn
 1678               	_tlosvn:
 1679 00ec 746C 6F73 		.string	"tlosvn"
 1679      766E 00
 1680               	.global	_tlosn
 1683               	_tlosn:
 1684 00f3 746C 6F73 		.string	"tlosn"
 1684      6E00 
 1685               	.global	_tlossn
 1688               	_tlossn:
 1689 00f9 746C 6F73 		.string	"tlossn"
 1689      736E 00
 1690               	.global	_tloscvid
 1693               	_tloscvid:
 1694 0100 746C 6F73 		.string	"tloscvid"
 1694      6376 6964 
 1694      00
 1695               	.global	_tloscdid
 1698               	_tloscdid:
 1699 0109 746C 6F73 		.string	"tloscdid"
 1699      6364 6964 
 1699      00
 1700               	.global	_edcfg
 1703               	_edcfg:
 1704 0112 6564 6366 		.string	"edcfg"
 1704      6700 
 1705               	.global	_gvn
 1708               	_gvn:
 1709 0118 6776 6E00 		.string	"gvn"
 1710               	.global	_gn
 1713               	_gn:
 1714 011c 676E 00   		.string	"gn"
 1715               	.global	_gsn
 1718               	_gsn:
 1719 011f 6773 6E00 		.string	"gsn"
 1720               	.global	_gcvid
 1723               	_gcvid:
 1724 0123 6763 7669 		.string	"gcvid"
 1724      6400 
 1725               	.global	_gcdid
 1728               	_gcdid:
 1729 0129 6763 6469 		.string	"gcdid"
 1729      6400 
 1730               	.global	_svn
 1733               	_svn:
 1734 012f 7376 6E00 		.string	"svn"
 1735               	.global	_sn
 1738               	_sn:
 1739 0133 736E 00   		.string	"sn"
 1740               	.global	_ssn
 1743               	_ssn:
 1744 0136 7373 6E00 		.string	"ssn"
 1745               	.global	_scvid
 1748               	_scvid:
 1749 013a 7363 7669 		.string	"scvid"
 1749      6400 
 1750               	.global	_scdid
 1753               	_scdid:
 1754 0140 7363 6469 		.string	"scdid"
 1754      6400 
 1755               	.global	_ttye
 1758               	_ttye:
 1759 0146 7474 7965 		.string	"ttye"
 1759      00
 1760               	.global	tty_commands
 1763               	tty_commands:
 1764 014b 0000      		.word	gs(tty_ledRedOn)
 1765 014d 0000      		.word	0
 1766 014f 0000      		.word	_rledon
 1767 0151 0000      		.word	gs(tty_ledRedOff)
 1768 0153 0000      		.word	0
 1769 0155 0000      		.word	_rledoff
 1770 0157 0000      		.word	gs(tty_ledYellowOn)
 1771 0159 0000      		.word	0
 1772 015b 0000      		.word	_yledon
 1773 015d 0000      		.word	gs(tty_ledYellowOff)
 1774 015f 0000      		.word	0
 1775 0161 0000      		.word	_yledoff
 1776 0163 0000      		.word	gs(tty_ledGreenOn)
 1777 0165 0000      		.word	0
 1778 0167 0000      		.word	_gledon
 1779 0169 0000      		.word	gs(tty_ledGreenOff)
 1780 016b 0000      		.word	0
 1781 016d 0000      		.word	_gledoff
 1782 016f 0000      		.word	gs(usbReset)
 1783 0171 0000      		.word	0
 1784 0173 0000      		.word	_urst
 1785 0175 0000      		.word	gs(tty_setInterrupt)
 1786 0177 0000      		.word	0
 1787 0179 0000      		.word	_sint
 1788 017b 0000      		.word	gs(tty_getUSBHidDeviceDescriptor)
 1789 017d 0000      		.word	0
 1790 017f 0000      		.word	_gdsc
 1791 0181 0000      		.word	gs(tty_getUSBReportData)
 1792 0183 0000      		.word	0
 1793 0185 0000      		.word	_gdta
 1794 0187 0000      		.word	gs(tty_setUSBHidDeviceDescriptor)
 1795 0189 0000      		.word	0
 1796 018b 0000      		.word	_sdsc
 1797 018d 0000      		.word	gs(tty_setUSBReportData)
 1798 018f 0000      		.word	0
 1799 0191 0000      		.word	_sdta
 1800 0193 0000      		.word	gs(eep_readUSBHidReportData)
 1801 0195 0000      		.word	0
 1802 0197 0000      		.word	_erdta
 1803 0199 0000      		.word	gs(eep_saveUSBHidReportData)
 1804 019b 0000      		.word	0
 1805 019d 0000      		.word	_esdta
 1806 019f 0000      		.word	gs(eep_readUSBHidReportDescriptor)
 1807 01a1 0000      		.word	0
 1808 01a3 0000      		.word	_erdsc
 1809 01a5 0000      		.word	gs(eep_saveUSBHidReportDescriptor)
 1810 01a7 0000      		.word	0
 1811 01a9 0000      		.word	_esdsc
 1812 01ab 0000      		.word	gs(eep_readUSBDescriptorStringVendor)
 1813 01ad 0000      		.word	0
 1814 01af 0000      		.word	_ervn
 1815 01b1 0000      		.word	gs(eep_saveUSBDescriptorStringVendor)
 1816 01b3 0000      		.word	0
 1817 01b5 0000      		.word	_esvn
 1818 01b7 0000      		.word	gs(eep_readUSBDescriptorStringDevice)
 1819 01b9 0000      		.word	0
 1820 01bb 0000      		.word	_ern
 1821 01bd 0000      		.word	gs(eep_saveUSBDescriptorStringDevice)
 1822 01bf 0000      		.word	0
 1823 01c1 0000      		.word	_esn
 1824 01c3 0000      		.word	gs(eep_readUSBDescriptorStringSerialNumber)
 1825 01c5 0000      		.word	0
 1826 01c7 0000      		.word	_ersn
 1827 01c9 0000      		.word	gs(eep_saveUSBDescriptorStringSerialNumber)
 1828 01cb 0000      		.word	0
 1829 01cd 0000      		.word	_essn
 1830 01cf 0000      		.word	gs(eep_readUSBCfgVendorID)
 1831 01d1 0000      		.word	0
 1832 01d3 0000      		.word	_ercvid
 1833 01d5 0000      		.word	gs(eep_saveUSBCfgVendorID)
 1834 01d7 0000      		.word	0
 1835 01d9 0000      		.word	_escvid
 1836 01db 0000      		.word	gs(eep_readUSBCfgDeviceID)
 1837 01dd 0000      		.word	0
 1838 01df 0000      		.word	_ercdid
 1839 01e1 0000      		.word	gs(eep_saveUSBCfgDeviceID)
 1840 01e3 0000      		.word	0
 1841 01e5 0000      		.word	_escdid
 1842 01e7 0000      		.word	gs(eep_toggleUSBConfigBit)
 1843 01e9 1000      		.word	16
 1844 01eb 0000      		.word	_tlosdsc
 1845 01ed 0000      		.word	gs(eep_toggleUSBConfigBit)
 1846 01ef 1600      		.word	22
 1847 01f1 0000      		.word	_tlosdta
 1848 01f3 0000      		.word	gs(eep_toggleUSBConfigBit)
 1849 01f5 1100      		.word	17
 1850 01f7 0000      		.word	_tlosvn
 1851 01f9 0000      		.word	gs(eep_toggleUSBConfigBit)
 1852 01fb 1200      		.word	18
 1853 01fd 0000      		.word	_tlosn
 1854 01ff 0000      		.word	gs(eep_toggleUSBConfigBit)
 1855 0201 1300      		.word	19
 1856 0203 0000      		.word	_tlossn
 1857 0205 0000      		.word	gs(eep_toggleUSBConfigBit)
 1858 0207 1400      		.word	20
 1859 0209 0000      		.word	_tloscvid
 1860 020b 0000      		.word	gs(eep_toggleUSBConfigBit)
 1861 020d 1500      		.word	21
 1862 020f 0000      		.word	_tloscdid
 1863 0211 0000      		.word	gs(eep_deleteUSBConfigBits)
 1864 0213 0000      		.word	0
 1865 0215 0000      		.word	_edcfg
 1866 0217 0000      		.word	gs(tty_getVendorName)
 1867 0219 0000      		.word	0
 1868 021b 0000      		.word	_gvn
 1869 021d 0000      		.word	gs(tty_getDeviceName)
 1870 021f 0000      		.word	0
 1871 0221 0000      		.word	_gn
 1872 0223 0000      		.word	gs(tty_getSerialNumber)
 1873 0225 0000      		.word	0
 1874 0227 0000      		.word	_gsn
 1875 0229 0000      		.word	gs(tty_getUSBConfigVendorID)
 1876 022b 0000      		.word	0
 1877 022d 0000      		.word	_gcvid
 1878 022f 0000      		.word	gs(tty_getUSBConfigDeviceID)
 1879 0231 0000      		.word	0
 1880 0233 0000      		.word	_gcdid
 1881 0235 0000      		.word	gs(tty_setVendorName)
 1882 0237 0100      		.word	1
 1883 0239 0000      		.word	_svn
 1884 023b 0000      		.word	gs(tty_setDeviceName)
 1885 023d 0100      		.word	1
 1886 023f 0000      		.word	_sn
 1887 0241 0000      		.word	gs(tty_setSerialNumber)
 1888 0243 0100      		.word	1
 1889 0245 0000      		.word	_ssn
 1890 0247 0000      		.word	gs(tty_setUSBConfigVendorID)
 1891 0249 0100      		.word	1
 1892 024b 0000      		.word	_scvid
 1893 024d 0000      		.word	gs(tty_setUSBConfigDeviceID)
 1894 024f 0100      		.word	1
 1895 0251 0000      		.word	_scdid
 1896 0253 0000      		.word	gs(tty_setEcho)
 1897 0255 0100      		.word	1
 1898 0257 0000      		.word	_ttye
 1901               	__c.2357:
 1902 0259 3078 2530 		.string	"0x%04x"
 1902      3478 00
 1905               	__c.2346:
 1906 0260 3078 2530 		.string	"0x%04x"
 1906      3478 00
 1909               	__c.2272:
 1910 0267 4449 443D 		.string	"DID=0x%02x%02x"
 1910      3078 2530 
 1910      3278 2530 
 1910      3278 00
 1913               	__c.2264:
 1914 0276 5649 443D 		.string	"VID=0x%02x%02x"
 1914      3078 2530 
 1914      3278 2530 
 1914      3278 00
 1917               	__c.2250:
 1918 0285 2563 00   		.string	"%c"
 1921               	__c.2235:
 1922 0288 2563 00   		.string	"%c"
 1925               	__c.2220:
 1926 028b 2563 00   		.string	"%c"
 1929               	__c.2205:
 1930 028e 0D0A 00   		.string	"\r\n"
 1933               	__c.2203:
 1934 0291 3078 2530 		.string	"0x%02X "
 1934      3258 2000 
 1937               	__c.2189:
 1938 0299 0D0A 00   		.string	"\r\n"
 1941               	__c.2187:
 1942 029c 3078 2530 		.string	"0x%02X "
 1942      3258 2000 
 1945               	__c.2075:
 1946 02a4 0D0A 00   		.string	"\r\n"
 1949               	__c.2073:
 1950 02a7 202D 00   		.string	" -"
 1953               	__c.2071:
 1954 02aa 202B 00   		.string	" +"
 1957               	__c.2068:
 1958 02ad 3E00      		.string	">"
 1961               	__c.2066:
 1962 02af 0D0A 00   		.string	"\r\n"
 1965               	__c.2064:
 1966 02b2 4500      		.string	"E"
 1969               	__c.2062:
 1970 02b4 3E00      		.string	">"
 1973               	__c.2060:
 1974 02b6 0D0A 00   		.string	"\r\n"
 1977               	__c.2058:
 1978 02b9 4552 5200 		.string	"ERR"
 1981               	__c.2056:
 1982 02bd 0D0A 00   		.string	"\r\n"
 1985               	__c.2054:
 1986 02c0 0D0A 3E00 		.string	"\r\n>"
 1989               	__c.2051:
 1990 02c4 0820 0800 		.string	"\b \b"
 1993               	__c.2046:
 1994 02c8 2563 00   		.string	"%c"
 1995               		.data
 1998               	_stdout:
 1999 000c 0000 00   		.skip 3,0
 2000 000f 02        		.byte	2
 2001 0010 0000 0000 		.skip 4,0
 2002 0014 0000      		.word	gs(_uart_putc)
 2003 0016 0000      		.word	0
 2004 0018 0000      		.word	0
 2005               		.lcomm UART_TxBuf,32
 2006               		.lcomm UART_RxBuf,32
 2007               		.lcomm UART_TxHead,1
 2008               		.lcomm UART_TxTail,1
 2009               		.lcomm UART_RxHead,1
 2010               		.lcomm UART_RxTail,1
 2011               		.lcomm UART_LastRxError,1
 2012               		.comm tty_config,1,1
 2013               		.comm tty_cb_pos,1,1
 2014               		.comm tty_ud_pos,1,1
 2015               		.comm tty_buff,30,1
 2016               	.global __do_copy_data
 2017               	.global __do_clear_bss
DEFINED SYMBOLS
                            *ABS*:00000000 tty.c
C:\Users\klaute\AppData\Local\Temp/cclCCWo6.s:2      *ABS*:0000003f __SREG__
C:\Users\klaute\AppData\Local\Temp/cclCCWo6.s:3      *ABS*:0000003e __SP_H__
C:\Users\klaute\AppData\Local\Temp/cclCCWo6.s:4      *ABS*:0000003d __SP_L__
C:\Users\klaute\AppData\Local\Temp/cclCCWo6.s:5      *ABS*:00000034 __CCP__
C:\Users\klaute\AppData\Local\Temp/cclCCWo6.s:6      *ABS*:00000000 __tmp_reg__
C:\Users\klaute\AppData\Local\Temp/cclCCWo6.s:7      *ABS*:00000001 __zero_reg__
C:\Users\klaute\AppData\Local\Temp/cclCCWo6.s:11     .text:00000000 __vector_18
C:\Users\klaute\AppData\Local\Temp/cclCCWo6.s:2008   .bss:00000042 UART_RxHead
C:\Users\klaute\AppData\Local\Temp/cclCCWo6.s:2009   .bss:00000043 UART_RxTail
C:\Users\klaute\AppData\Local\Temp/cclCCWo6.s:2005   .bss:00000020 UART_RxBuf
C:\Users\klaute\AppData\Local\Temp/cclCCWo6.s:2010   .bss:00000044 UART_LastRxError
C:\Users\klaute\AppData\Local\Temp/cclCCWo6.s:58     .text:00000058 __vector_19
C:\Users\klaute\AppData\Local\Temp/cclCCWo6.s:2006   .bss:00000040 UART_TxHead
C:\Users\klaute\AppData\Local\Temp/cclCCWo6.s:2007   .bss:00000041 UART_TxTail
                             .bss:00000000 UART_TxBuf
C:\Users\klaute\AppData\Local\Temp/cclCCWo6.s:102    .text:000000ac uart_init
C:\Users\klaute\AppData\Local\Temp/cclCCWo6.s:127    .text:000000e0 uart_getc
C:\Users\klaute\AppData\Local\Temp/cclCCWo6.s:160    .text:0000011a uart_putc
C:\Users\klaute\AppData\Local\Temp/cclCCWo6.s:185    .text:00000146 uart_puts
C:\Users\klaute\AppData\Local\Temp/cclCCWo6.s:206    .text:00000160 uart_puts_p
C:\Users\klaute\AppData\Local\Temp/cclCCWo6.s:233    .text:0000017c tty_init
C:\Users\klaute\AppData\Local\Temp/cclCCWo6.s:1998   .data:0000000c _stdout
                            *COM*:00000001 tty_config
C:\Users\klaute\AppData\Local\Temp/cclCCWo6.s:250    .text:0000019c _uart_putc
C:\Users\klaute\AppData\Local\Temp/cclCCWo6.s:261    .text:000001a6 tty_ledRedOn
C:\Users\klaute\AppData\Local\Temp/cclCCWo6.s:270    .text:000001aa tty_ledRedOff
C:\Users\klaute\AppData\Local\Temp/cclCCWo6.s:279    .text:000001ae tty_ledGreenOn
C:\Users\klaute\AppData\Local\Temp/cclCCWo6.s:288    .text:000001b2 tty_ledGreenOff
C:\Users\klaute\AppData\Local\Temp/cclCCWo6.s:297    .text:000001b6 tty_ledYellowOn
C:\Users\klaute\AppData\Local\Temp/cclCCWo6.s:306    .text:000001ba tty_ledYellowOff
C:\Users\klaute\AppData\Local\Temp/cclCCWo6.s:315    .text:000001be tty_setUSBReportData
C:\Users\klaute\AppData\Local\Temp/cclCCWo6.s:327    .text:000001cc tty_setUSBHidDeviceDescriptor
C:\Users\klaute\AppData\Local\Temp/cclCCWo6.s:343    .text:000001da tty_setEcho
C:\Users\klaute\AppData\Local\Temp/cclCCWo6.s:402    .text:00000242 tty_setUSBConfigDeviceID
C:\Users\klaute\AppData\Local\Temp/cclCCWo6.s:1901   .progmem.data:00000259 __c.2357
C:\Users\klaute\AppData\Local\Temp/cclCCWo6.s:454    .text:000002a0 tty_setUSBConfigVendorID
C:\Users\klaute\AppData\Local\Temp/cclCCWo6.s:1905   .progmem.data:00000260 __c.2346
C:\Users\klaute\AppData\Local\Temp/cclCCWo6.s:506    .text:000002fe tty_setSerialNumber
C:\Users\klaute\AppData\Local\Temp/cclCCWo6.s:554    .text:0000034e tty_setDeviceName
C:\Users\klaute\AppData\Local\Temp/cclCCWo6.s:602    .text:0000039e tty_setVendorName
C:\Users\klaute\AppData\Local\Temp/cclCCWo6.s:650    .text:000003ee tty_getUSBConfigDeviceID
C:\Users\klaute\AppData\Local\Temp/cclCCWo6.s:1909   .progmem.data:00000267 __c.2272
C:\Users\klaute\AppData\Local\Temp/cclCCWo6.s:683    .text:00000428 tty_getUSBConfigVendorID
C:\Users\klaute\AppData\Local\Temp/cclCCWo6.s:1913   .progmem.data:00000276 __c.2264
C:\Users\klaute\AppData\Local\Temp/cclCCWo6.s:716    .text:00000462 tty_getSerialNumber
C:\Users\klaute\AppData\Local\Temp/cclCCWo6.s:1917   .progmem.data:00000285 __c.2250
C:\Users\klaute\AppData\Local\Temp/cclCCWo6.s:772    .text:000004c8 tty_getDeviceName
C:\Users\klaute\AppData\Local\Temp/cclCCWo6.s:1921   .progmem.data:00000288 __c.2235
C:\Users\klaute\AppData\Local\Temp/cclCCWo6.s:828    .text:0000052e tty_getVendorName
C:\Users\klaute\AppData\Local\Temp/cclCCWo6.s:1925   .progmem.data:0000028b __c.2220
C:\Users\klaute\AppData\Local\Temp/cclCCWo6.s:891    .text:000005a2 tty_getUSBHidDeviceDescriptor
C:\Users\klaute\AppData\Local\Temp/cclCCWo6.s:1933   .progmem.data:00000291 __c.2203
C:\Users\klaute\AppData\Local\Temp/cclCCWo6.s:1929   .progmem.data:0000028e __c.2205
C:\Users\klaute\AppData\Local\Temp/cclCCWo6.s:968    .text:00000630 tty_getUSBReportData
C:\Users\klaute\AppData\Local\Temp/cclCCWo6.s:1941   .progmem.data:0000029c __c.2187
C:\Users\klaute\AppData\Local\Temp/cclCCWo6.s:1937   .progmem.data:00000299 __c.2189
C:\Users\klaute\AppData\Local\Temp/cclCCWo6.s:1045   .text:000006be tty_setInterrupt
C:\Users\klaute\AppData\Local\Temp/cclCCWo6.s:1064   .text:000006d4 tty_executeCmd
C:\Users\klaute\AppData\Local\Temp/cclCCWo6.s:1763   .progmem.data:0000014b tty_commands
C:\Users\klaute\AppData\Local\Temp/cclCCWo6.s:1171   .text:0000076e tty_pollTerminal
C:\Users\klaute\AppData\Local\Temp/cclCCWo6.s:1993   .progmem.data:000002c8 __c.2046
                            *COM*:00000001 tty_cb_pos
                            *COM*:0000001e tty_buff
C:\Users\klaute\AppData\Local\Temp/cclCCWo6.s:1989   .progmem.data:000002c4 __c.2051
C:\Users\klaute\AppData\Local\Temp/cclCCWo6.s:1985   .progmem.data:000002c0 __c.2054
C:\Users\klaute\AppData\Local\Temp/cclCCWo6.s:1981   .progmem.data:000002bd __c.2056
C:\Users\klaute\AppData\Local\Temp/cclCCWo6.s:1977   .progmem.data:000002b9 __c.2058
C:\Users\klaute\AppData\Local\Temp/cclCCWo6.s:1973   .progmem.data:000002b6 __c.2060
C:\Users\klaute\AppData\Local\Temp/cclCCWo6.s:1969   .progmem.data:000002b4 __c.2062
C:\Users\klaute\AppData\Local\Temp/cclCCWo6.s:1965   .progmem.data:000002b2 __c.2064
C:\Users\klaute\AppData\Local\Temp/cclCCWo6.s:1961   .progmem.data:000002af __c.2066
C:\Users\klaute\AppData\Local\Temp/cclCCWo6.s:1957   .progmem.data:000002ad __c.2068
                            *COM*:00000001 tty_ud_pos
C:\Users\klaute\AppData\Local\Temp/cclCCWo6.s:1953   .progmem.data:000002aa __c.2071
C:\Users\klaute\AppData\Local\Temp/cclCCWo6.s:1949   .progmem.data:000002a7 __c.2073
C:\Users\klaute\AppData\Local\Temp/cclCCWo6.s:1945   .progmem.data:000002a4 __c.2075
C:\Users\klaute\AppData\Local\Temp/cclCCWo6.s:1533   .progmem.data:00000000 WELCOME_MSG
C:\Users\klaute\AppData\Local\Temp/cclCCWo6.s:1538   .progmem.data:00000041 _rledon
C:\Users\klaute\AppData\Local\Temp/cclCCWo6.s:1543   .progmem.data:00000048 _rledoff
C:\Users\klaute\AppData\Local\Temp/cclCCWo6.s:1548   .progmem.data:00000050 _yledon
C:\Users\klaute\AppData\Local\Temp/cclCCWo6.s:1553   .progmem.data:00000057 _yledoff
C:\Users\klaute\AppData\Local\Temp/cclCCWo6.s:1558   .progmem.data:0000005f _gledon
C:\Users\klaute\AppData\Local\Temp/cclCCWo6.s:1563   .progmem.data:00000066 _gledoff
C:\Users\klaute\AppData\Local\Temp/cclCCWo6.s:1568   .progmem.data:0000006e _urst
C:\Users\klaute\AppData\Local\Temp/cclCCWo6.s:1573   .progmem.data:00000073 _sint
C:\Users\klaute\AppData\Local\Temp/cclCCWo6.s:1578   .progmem.data:00000078 _gdsc
C:\Users\klaute\AppData\Local\Temp/cclCCWo6.s:1583   .progmem.data:0000007d _gdta
C:\Users\klaute\AppData\Local\Temp/cclCCWo6.s:1588   .progmem.data:00000082 _sdsc
C:\Users\klaute\AppData\Local\Temp/cclCCWo6.s:1593   .progmem.data:00000087 _sdta
C:\Users\klaute\AppData\Local\Temp/cclCCWo6.s:1598   .progmem.data:0000008c _erdta
C:\Users\klaute\AppData\Local\Temp/cclCCWo6.s:1603   .progmem.data:00000092 _esdta
C:\Users\klaute\AppData\Local\Temp/cclCCWo6.s:1608   .progmem.data:00000098 _erdsc
C:\Users\klaute\AppData\Local\Temp/cclCCWo6.s:1613   .progmem.data:0000009e _esdsc
C:\Users\klaute\AppData\Local\Temp/cclCCWo6.s:1618   .progmem.data:000000a4 _ervn
C:\Users\klaute\AppData\Local\Temp/cclCCWo6.s:1623   .progmem.data:000000a9 _esvn
C:\Users\klaute\AppData\Local\Temp/cclCCWo6.s:1628   .progmem.data:000000ae _ern
C:\Users\klaute\AppData\Local\Temp/cclCCWo6.s:1633   .progmem.data:000000b2 _esn
C:\Users\klaute\AppData\Local\Temp/cclCCWo6.s:1638   .progmem.data:000000b6 _ersn
C:\Users\klaute\AppData\Local\Temp/cclCCWo6.s:1643   .progmem.data:000000bb _essn
C:\Users\klaute\AppData\Local\Temp/cclCCWo6.s:1648   .progmem.data:000000c0 _ercvid
C:\Users\klaute\AppData\Local\Temp/cclCCWo6.s:1653   .progmem.data:000000c7 _escvid
C:\Users\klaute\AppData\Local\Temp/cclCCWo6.s:1658   .progmem.data:000000ce _ercdid
C:\Users\klaute\AppData\Local\Temp/cclCCWo6.s:1663   .progmem.data:000000d5 _escdid
C:\Users\klaute\AppData\Local\Temp/cclCCWo6.s:1668   .progmem.data:000000dc _tlosdsc
C:\Users\klaute\AppData\Local\Temp/cclCCWo6.s:1673   .progmem.data:000000e4 _tlosdta
C:\Users\klaute\AppData\Local\Temp/cclCCWo6.s:1678   .progmem.data:000000ec _tlosvn
C:\Users\klaute\AppData\Local\Temp/cclCCWo6.s:1683   .progmem.data:000000f3 _tlosn
C:\Users\klaute\AppData\Local\Temp/cclCCWo6.s:1688   .progmem.data:000000f9 _tlossn
C:\Users\klaute\AppData\Local\Temp/cclCCWo6.s:1693   .progmem.data:00000100 _tloscvid
C:\Users\klaute\AppData\Local\Temp/cclCCWo6.s:1698   .progmem.data:00000109 _tloscdid
C:\Users\klaute\AppData\Local\Temp/cclCCWo6.s:1703   .progmem.data:00000112 _edcfg
C:\Users\klaute\AppData\Local\Temp/cclCCWo6.s:1708   .progmem.data:00000118 _gvn
C:\Users\klaute\AppData\Local\Temp/cclCCWo6.s:1713   .progmem.data:0000011c _gn
C:\Users\klaute\AppData\Local\Temp/cclCCWo6.s:1718   .progmem.data:0000011f _gsn
C:\Users\klaute\AppData\Local\Temp/cclCCWo6.s:1723   .progmem.data:00000123 _gcvid
C:\Users\klaute\AppData\Local\Temp/cclCCWo6.s:1728   .progmem.data:00000129 _gcdid
C:\Users\klaute\AppData\Local\Temp/cclCCWo6.s:1733   .progmem.data:0000012f _svn
C:\Users\klaute\AppData\Local\Temp/cclCCWo6.s:1738   .progmem.data:00000133 _sn
C:\Users\klaute\AppData\Local\Temp/cclCCWo6.s:1743   .progmem.data:00000136 _ssn
C:\Users\klaute\AppData\Local\Temp/cclCCWo6.s:1748   .progmem.data:0000013a _scvid
C:\Users\klaute\AppData\Local\Temp/cclCCWo6.s:1753   .progmem.data:00000140 _scdid
C:\Users\klaute\AppData\Local\Temp/cclCCWo6.s:1758   .progmem.data:00000146 _ttye

UNDEFINED SYMBOLS
__iob
sscanf
sscanf_P
usbDescriptorDevice
usbDescriptorStringSerialNumber
usbDescriptorStringDevice
usbDescriptorStringVendor
printf_P
__divmodhi4
usbHidReportDescriptor
maxUSBHidReportDescriptorBytes
dataBytes
maxUSBDataBytes
usbTxStatus1
usbSetInterrupt
strtok
strcmp_P
strlen_P
usbDescriptorConfiguration
usbReset
eep_readUSBHidReportData
eep_saveUSBHidReportData
eep_readUSBHidReportDescriptor
eep_saveUSBHidReportDescriptor
eep_readUSBDescriptorStringVendor
eep_saveUSBDescriptorStringVendor
eep_readUSBDescriptorStringDevice
eep_saveUSBDescriptorStringDevice
eep_readUSBDescriptorStringSerialNumber
eep_saveUSBDescriptorStringSerialNumber
eep_readUSBCfgVendorID
eep_saveUSBCfgVendorID
eep_readUSBCfgDeviceID
eep_saveUSBCfgDeviceID
eep_toggleUSBConfigBit
eep_deleteUSBConfigBits
__do_copy_data
__do_clear_bss
